#
# There is insufficient memory for the Java Runtime Environment to continue.
# Native memory allocation (mmap) failed to map 42467328 bytes for committing reserved memory.
# Possible reasons:
#   The system is out of physical RAM or swap space
#   In 32 bit mode, the process size limit was hit
# Possible solutions:
#   Reduce memory load on the system
#   Increase physical memory or swap space
#   Check if swap backing store is full
#   Use 64 bit Java on a 64 bit OS
#   Decrease Java heap size (-Xmx/-Xms)
#   Decrease number of Java threads
#   Decrease Java thread stack sizes (-Xss)
#   Set larger code cache with -XX:ReservedCodeCacheSize=
# This output file may be truncated or incomplete.
#
#  Out of Memory Error (os_linux.cpp:2640), pid=4579, tid=0x00007f5beb7b5700
#
# JRE version: OpenJDK Runtime Environment (8.0_152) (build 1.8.0_152-release-1343-b16-5323222)
# Java VM: OpenJDK 64-Bit Server VM (25.152-b16-5323222 mixed mode linux-amd64 compressed oops)
# Failed to write core dump. Core dumps have been disabled. To enable core dumping, try "ulimit -c unlimited" before starting Java again
#

---------------  T H R E A D  ---------------

Current thread (0x00007f5c0c079000):  VMThread [stack: 0x00007f5beb6b6000,0x00007f5beb7b6000] [id=4588]

Stack: [0x00007f5beb6b6000,0x00007f5beb7b6000],  sp=0x00007f5beb7b44c0,  free space=1017k
Native frames: (J=compiled Java code, j=interpreted, Vv=VM code, C=native code)
V  [libjvm.so+0x9ffc88]  VMError::report_and_die()+0x148
V  [libjvm.so+0x4ce9aa]  report_vm_out_of_memory(char const*, int, unsigned long, VMErrorType, char const*)+0x8a
V  [libjvm.so+0x8673d8]  os::pd_commit_memory(char*, unsigned long, unsigned long, bool)+0xd8
V  [libjvm.so+0x86201f]  os::commit_memory(char*, unsigned long, unsigned long, bool)+0x1f
V  [libjvm.so+0x8d839b]  PSVirtualSpace::expand_by(unsigned long)+0x5b
V  [libjvm.so+0x8d8ff0]  PSYoungGen::resize_generation(unsigned long, unsigned long)+0xb0
V  [libjvm.so+0x8d930b]  PSYoungGen::resize(unsigned long, unsigned long)+0x1b
V  [libjvm.so+0x8d5a3e]  PSScavenge::invoke_no_policy()+0xdce
V  [libjvm.so+0x8cf560]  PSParallelCompact::invoke(bool)+0x40
V  [libjvm.so+0x45e9e3]  CollectedHeap::collect_as_vm_thread(GCCause::Cause)+0x143
V  [libjvm.so+0xa010a1]  VM_CollectForMetadataAllocation::doit()+0x141
V  [libjvm.so+0xa05bf7]  VM_Operation::evaluate()+0x47
V  [libjvm.so+0xa04658]  VMThread::evaluate_operation(VM_Operation*)+0x2c8
V  [libjvm.so+0xa04ab1]  VMThread::loop()+0x1f1
V  [libjvm.so+0xa04ee2]  VMThread::run()+0x72
V  [libjvm.so+0x864822]  java_start(Thread*)+0xf2

VM_Operation (0x00007f5be9590fa0): CollectForMetadataAllocation, mode: safepoint, requested by thread 0x00007f5bb400a000


---------------  P R O C E S S  ---------------

Java Threads: ( => current thread )
  0x00007f5ba0445000 JavaThread "Cache worker for file hash cache (/home/pandit/Downloads/Chelmer/Chelmer/.gradle/5.1.1/fileHashes)" [_thread_blocked, id=4618, stack(0x00007f5be8991000,0x00007f5be8a92000)]
  0x00007f5ba00f8000 JavaThread "Cache worker for journal cache (/home/pandit/.gradle/caches/journal-1)" [_thread_blocked, id=4617, stack(0x00007f5be8c92000,0x00007f5be8d93000)]
  0x00007f5ba00f5000 JavaThread "File lock request listener" [_thread_in_native, id=4615, stack(0x00007f5be8d93000,0x00007f5be8e94000)]
  0x00007f5ba00ee800 JavaThread "Cache worker for file hash cache (/home/pandit/.gradle/caches/5.1.1/fileHashes)" [_thread_blocked, id=4614, stack(0x00007f5be8e94000,0x00007f5be8f95000)]
  0x00007f5ba0017800 JavaThread "Thread-8" [_thread_blocked, id=4613, stack(0x00007f5be9195000,0x00007f5be9296000)]
  0x00007f5ba000e800 JavaThread "Stdin handler" [_thread_blocked, id=4612, stack(0x00007f5be9296000,0x00007f5be9397000)]
  0x00007f5ba000d000 JavaThread "Asynchronous log dispatcher for DefaultDaemonConnection: socket connection from /127.0.0.1:42721 to /127.0.0.1:60520" [_thread_blocked, id=4611, stack(0x00007f5be9397000,0x00007f5be9498000)]
  0x00007f5bb400a000 JavaThread "Daemon worker" [_thread_blocked, id=4608, stack(0x00007f5be9498000,0x00007f5be9599000)]
  0x00007f5bb4008000 JavaThread "Cancel handler" [_thread_blocked, id=4607, stack(0x00007f5be9599000,0x00007f5be969a000)]
  0x00007f5bb4006000 JavaThread "Handler for socket connection from /127.0.0.1:42721 to /127.0.0.1:60520" [_thread_in_native, id=4606, stack(0x00007f5be969a000,0x00007f5be979b000)]
  0x00007f5bb802c000 JavaThread "Daemon" [_thread_blocked, id=4605, stack(0x00007f5be979b000,0x00007f5be989c000)]
  0x00007f5c0cf04800 JavaThread "Daemon periodic checks" [_thread_blocked, id=4604, stack(0x00007f5be989c000,0x00007f5be999d000)]
  0x00007f5c0cede000 JavaThread "Incoming local TCP Connector on port 42721" [_thread_in_native, id=4603, stack(0x00007f5be99a4000,0x00007f5be9aa5000)]
  0x00007f5c0c0d3000 JavaThread "Service Thread" daemon [_thread_blocked, id=4595, stack(0x00007f5beacd0000,0x00007f5beadd1000)]
  0x00007f5c0c0be000 JavaThread "C1 CompilerThread2" daemon [_thread_blocked, id=4594, stack(0x00007f5beadd2000,0x00007f5beaed2000)]
  0x00007f5c0c0bc000 JavaThread "C2 CompilerThread1" daemon [_thread_blocked, id=4593, stack(0x00007f5beaed3000,0x00007f5beafd3000)]
  0x00007f5c0c0b9800 JavaThread "C2 CompilerThread0" daemon [_thread_blocked, id=4592, stack(0x00007f5beafd4000,0x00007f5beb0d4000)]
  0x00007f5c0c0b8000 JavaThread "Signal Dispatcher" daemon [_thread_blocked, id=4591, stack(0x00007f5beb0d4000,0x00007f5beb1d5000)]
  0x00007f5c0c085000 JavaThread "Finalizer" daemon [_thread_blocked, id=4590, stack(0x00007f5beb4b3000,0x00007f5beb5b4000)]
  0x00007f5c0c080800 JavaThread "Reference Handler" daemon [_thread_blocked, id=4589, stack(0x00007f5beb5b4000,0x00007f5beb6b5000)]
  0x00007f5c0c00b800 JavaThread "main" [_thread_blocked, id=4583, stack(0x00007f5c12623000,0x00007f5c12723000)]

Other Threads:
=>0x00007f5c0c079000 VMThread [stack: 0x00007f5beb6b6000,0x00007f5beb7b6000] [id=4588]
  0x00007f5c0c0d5800 WatcherThread [stack: 0x00007f5beabd0000,0x00007f5beacd0000] [id=4596]

VM state:at safepoint (normal execution)

VM Mutex/Monitor currently owned by a thread:  ([mutex/lock_event])
[0x00007f5c0c007d10] Threads_lock - owner thread: 0x00007f5c0c079000
[0x00007f5c0c008210] Heap_lock - owner thread: 0x00007f5bb400a000

Heap:
 PSYoungGen      total 70144K, used 6649K [0x00000000e0000000, 0x00000000e4c00000, 0x0000000100000000)
  eden space 63488K, 0% used [0x00000000e0000000,0x00000000e0000000,0x00000000e3e00000)
  from space 6656K, 99% used [0x00000000e3e00000,0x00000000e447e460,0x00000000e4480000)
  to   space 5632K, 0% used [0x00000000e4480000,0x00000000e4480000,0x00000000e4a00000)
 ParOldGen       total 20480K, used 9658K [0x00000000a0000000, 0x00000000a1400000, 0x00000000e0000000)
  object space 20480K, 47% used [0x00000000a0000000,0x00000000a096eb10,0x00000000a1400000)
 Metaspace       used 20629K, capacity 21078K, committed 21296K, reserved 1067008K
  class space    used 2907K, capacity 3092K, committed 3200K, reserved 1048576K

Card table byte_map: [0x00007f5bfc93f000,0x00007f5bfcc40000] byte_map_base: 0x00007f5bfc43f000

Marking Bits: (ParMarkBitMap*) 0x00007f5c11cecf00
 Begin Bits: [0x00007f5bf953b000, 0x00007f5bfad3b000)
 End Bits:   [0x00007f5bfad3b000, 0x00007f5bfc53b000)

Polling page: 0x00007f5c12747000

CodeCache: size=245760Kb used=5028Kb max_used=5028Kb free=240731Kb
 bounds [0x00007f5bfd000000, 0x00007f5bfd4f0000, 0x00007f5c0c000000]
 total_blobs=1906 nmethods=1504 adapters=315
 compilation: enabled

Compilation events (10 events):
Event: 20.334 Thread 0x00007f5c0c0be000 nmethod 1650 0x00007f5bfd4eb590 code [0x00007f5bfd4eb700, 0x00007f5bfd4eb950]
Event: 20.334 Thread 0x00007f5c0c0be000 1651       3       org.codehaus.groovy.reflection.CachedClass::getCachedSuperClass (11 bytes)
Event: 20.335 Thread 0x00007f5c0c0be000 nmethod 1651 0x00007f5bfd4eb9d0 code [0x00007f5bfd4ebb40, 0x00007f5bfd4ebe48]
Event: 20.344 Thread 0x00007f5c0c0be000 1652       3       sun.misc.ProxyGenerator$ExceptionTableEntry::<init> (26 bytes)
Event: 20.345 Thread 0x00007f5c0c0be000 nmethod 1652 0x00007f5bfd4ebf10 code [0x00007f5bfd4ec080, 0x00007f5bfd4ec230]
Event: 20.345 Thread 0x00007f5c0c0be000 1653       3       sun.misc.ProxyGenerator::access$700 (7 bytes)
Event: 20.345 Thread 0x00007f5c0c0be000 nmethod 1653 0x00007f5bfd4ec310 code [0x00007f5bfd4ec480, 0x00007f5bfd4ec668]
Event: 20.400 Thread 0x00007f5c0c0be000 1655       3       java.util.regex.Pattern$BitClass::isSatisfiedBy (22 bytes)
Event: 20.402 Thread 0x00007f5c0c0bc000 1656       4       java.util.regex.Pattern$BmpCharProperty::match (50 bytes)
Event: 20.415 Thread 0x00007f5c0c0be000 nmethod 1655 0x00007f5bfd4ecb10 code [0x00007f5bfd4ecc80, 0x00007f5bfd4ece90]

GC Heap History (10 events):
Event: 6.330 GC heap after
Heap after GC invocations=4 (full 0):
 PSYoungGen      total 17408K, used 992K [0x00000000e0000000, 0x00000000e1200000, 0x0000000100000000)
  eden space 16384K, 0% used [0x00000000e0000000,0x00000000e0000000,0x00000000e1000000)
  from space 1024K, 96% used [0x00000000e1100000,0x00000000e11f8020,0x00000000e1200000)
  to   space 1024K, 0% used [0x00000000e1000000,0x00000000e1000000,0x00000000e1100000)
 ParOldGen       total 20480K, used 2950K [0x00000000a0000000, 0x00000000a1400000, 0x00000000e0000000)
  object space 20480K, 14% used [0x00000000a0000000,0x00000000a02e1810,0x00000000a1400000)
 Metaspace       used 6832K, capacity 6958K, committed 7040K, reserved 1056768K
  class space    used 836K, capacity 875K, committed 896K, reserved 1048576K
}
Event: 7.363 GC heap before
{Heap before GC invocations=5 (full 0):
 PSYoungGen      total 17408K, used 17376K [0x00000000e0000000, 0x00000000e1200000, 0x0000000100000000)
  eden space 16384K, 100% used [0x00000000e0000000,0x00000000e1000000,0x00000000e1000000)
  from space 1024K, 96% used [0x00000000e1100000,0x00000000e11f8020,0x00000000e1200000)
  to   space 1024K, 0% used [0x00000000e1000000,0x00000000e1000000,0x00000000e1100000)
 ParOldGen       total 20480K, used 2950K [0x00000000a0000000, 0x00000000a1400000, 0x00000000e0000000)
  object space 20480K, 14% used [0x00000000a0000000,0x00000000a02e1810,0x00000000a1400000)
 Metaspace       used 7163K, capacity 7304K, committed 7424K, reserved 1056768K
  class space    used 896K, capacity 948K, committed 1024K, reserved 1048576K
Event: 7.403 GC heap after
Heap after GC invocations=5 (full 0):
 PSYoungGen      total 17408K, used 1024K [0x00000000e0000000, 0x00000000e2600000, 0x0000000100000000)
  eden space 16384K, 0% used [0x00000000e0000000,0x00000000e0000000,0x00000000e1000000)
  from space 1024K, 100% used [0x00000000e1000000,0x00000000e1100000,0x00000000e1100000)
  to   space 3072K, 0% used [0x00000000e2300000,0x00000000e2300000,0x00000000e2600000)
 ParOldGen       total 20480K, used 4260K [0x00000000a0000000, 0x00000000a1400000, 0x00000000e0000000)
  object space 20480K, 20% used [0x00000000a0000000,0x00000000a0429020,0x00000000a1400000)
 Metaspace       used 7163K, capacity 7304K, committed 7424K, reserved 1056768K
  class space    used 896K, capacity 948K, committed 1024K, reserved 1048576K
}
Event: 8.323 GC heap before
{Heap before GC invocations=6 (full 0):
 PSYoungGen      total 17408K, used 17408K [0x00000000e0000000, 0x00000000e2600000, 0x0000000100000000)
  eden space 16384K, 100% used [0x00000000e0000000,0x00000000e1000000,0x00000000e1000000)
  from space 1024K, 100% used [0x00000000e1000000,0x00000000e1100000,0x00000000e1100000)
  to   space 3072K, 0% used [0x00000000e2300000,0x00000000e2300000,0x00000000e2600000)
 ParOldGen       total 20480K, used 4260K [0x00000000a0000000, 0x00000000a1400000, 0x00000000e0000000)
  object space 20480K, 20% used [0x00000000a0000000,0x00000000a0429020,0x00000000a1400000)
 Metaspace       used 10037K, capacity 10306K, committed 10496K, reserved 1058816K
  class space    used 1334K, capacity 1453K, committed 1536K, reserved 1048576K
Event: 8.357 GC heap after
Heap after GC invocations=6 (full 0):
 PSYoungGen      total 35328K, used 3056K [0x00000000e0000000, 0x00000000e2700000, 0x0000000100000000)
  eden space 32256K, 0% used [0x00000000e0000000,0x00000000e0000000,0x00000000e1f80000)
  from space 3072K, 99% used [0x00000000e2300000,0x00000000e25fc010,0x00000000e2600000)
  to   space 3584K, 0% used [0x00000000e1f80000,0x00000000e1f80000,0x00000000e2300000)
 ParOldGen       total 20480K, used 4504K [0x00000000a0000000, 0x00000000a1400000, 0x00000000e0000000)
  object space 20480K, 21% used [0x00000000a0000000,0x00000000a0466308,0x00000000a1400000)
 Metaspace       used 10037K, capacity 10306K, committed 10496K, reserved 1058816K
  class space    used 1334K, capacity 1453K, committed 1536K, reserved 1048576K
}
Event: 9.679 GC heap before
{Heap before GC invocations=7 (full 0):
 PSYoungGen      total 35328K, used 35312K [0x00000000e0000000, 0x00000000e2700000, 0x0000000100000000)
  eden space 32256K, 100% used [0x00000000e0000000,0x00000000e1f80000,0x00000000e1f80000)
  from space 3072K, 99% used [0x00000000e2300000,0x00000000e25fc010,0x00000000e2600000)
  to   space 3584K, 0% used [0x00000000e1f80000,0x00000000e1f80000,0x00000000e2300000)
 ParOldGen       total 20480K, used 4504K [0x00000000a0000000, 0x00000000a1400000, 0x00000000e0000000)
  object space 20480K, 21% used [0x00000000a0000000,0x00000000a0466308,0x00000000a1400000)
 Metaspace       used 13559K, capacity 13886K, committed 14080K, reserved 1060864K
  class space    used 1888K, capacity 2029K, committed 2048K, reserved 1048576K
Event: 9.695 GC heap after
Heap after GC invocations=7 (full 0):
 PSYoungGen      total 35840K, used 3563K [0x00000000e0000000, 0x00000000e4a00000, 0x0000000100000000)
  eden space 32256K, 0% used [0x00000000e0000000,0x00000000e0000000,0x00000000e1f80000)
  from space 3584K, 99% used [0x00000000e1f80000,0x00000000e22fad18,0x00000000e2300000)
  to   space 5632K, 0% used [0x00000000e4480000,0x00000000e4480000,0x00000000e4a00000)
 ParOldGen       total 20480K, used 6641K [0x00000000a0000000, 0x00000000a1400000, 0x00000000e0000000)
  object space 20480K, 32% used [0x00000000a0000000,0x00000000a067c7a0,0x00000000a1400000)
 Metaspace       used 13559K, capacity 13886K, committed 14080K, reserved 1060864K
  class space    used 1888K, capacity 2029K, committed 2048K, reserved 1048576K
}
Event: 11.136 GC heap before
{Heap before GC invocations=8 (full 0):
 PSYoungGen      total 35840K, used 35819K [0x00000000e0000000, 0x00000000e4a00000, 0x0000000100000000)
  eden space 32256K, 100% used [0x00000000e0000000,0x00000000e1f80000,0x00000000e1f80000)
  from space 3584K, 99% used [0x00000000e1f80000,0x00000000e22fad18,0x00000000e2300000)
  to   space 5632K, 0% used [0x00000000e4480000,0x00000000e4480000,0x00000000e4a00000)
 ParOldGen       total 20480K, used 6641K [0x00000000a0000000, 0x00000000a1400000, 0x00000000e0000000)
  object space 20480K, 32% used [0x00000000a0000000,0x00000000a067c7a0,0x00000000a1400000)
 Metaspace       used 16199K, capacity 16526K, committed 16896K, reserved 1062912K
  class space    used 2333K, capacity 2487K, committed 2560K, reserved 1048576K
Event: 11.205 GC heap after
Heap after GC invocations=8 (full 0):
 PSYoungGen      total 69120K, used 5624K [0x00000000e0000000, 0x00000000e4c00000, 0x0000000100000000)
  eden space 63488K, 0% used [0x00000000e0000000,0x00000000e0000000,0x00000000e3e00000)
  from space 5632K, 99% used [0x00000000e4480000,0x00000000e49fe248,0x00000000e4a00000)
  to   space 6656K, 0% used [0x00000000e3e00000,0x00000000e3e00000,0x00000000e4480000)
 ParOldGen       total 20480K, used 7500K [0x00000000a0000000, 0x00000000a1400000, 0x00000000e0000000)
  object space 20480K, 36% used [0x00000000a0000000,0x00000000a07531c0,0x00000000a1400000)
 Metaspace       used 16199K, capacity 16526K, committed 16896K, reserved 1062912K
  class space    used 2333K, capacity 2487K, committed 2560K, reserved 1048576K
}
Event: 20.457 GC heap before
{Heap before GC invocations=9 (full 0):
 PSYoungGen      total 69120K, used 44719K [0x00000000e0000000, 0x00000000e4c00000, 0x0000000100000000)
  eden space 63488K, 61% used [0x00000000e0000000,0x00000000e262dd28,0x00000000e3e00000)
  from space 5632K, 99% used [0x00000000e4480000,0x00000000e49fe248,0x00000000e4a00000)
  to   space 6656K, 0% used [0x00000000e3e00000,0x00000000e3e00000,0x00000000e4480000)
 ParOldGen       total 20480K, used 7500K [0x00000000a0000000, 0x00000000a1400000, 0x00000000e0000000)
  object space 20480K, 36% used [0x00000000a0000000,0x00000000a07531c0,0x00000000a1400000)
 Metaspace       used 20629K, capacity 21078K, committed 21296K, reserved 1067008K
  class space    used 2907K, capacity 3092K, committed 3200K, reserved 1048576K

Deoptimization events (10 events):
Event: 17.957 Thread 0x00007f5bb400a000 Uncommon trap: reason=bimorphic action=maybe_recompile pc=0x00007f5bfd490d1c method=java.lang.ClassLoader.getPackage(Ljava/lang/String;)Ljava/lang/Package; @ 47
Event: 17.962 Thread 0x00007f5bb400a000 Uncommon trap: reason=unstable_if action=reinterpret pc=0x00007f5bfd4907c0 method=java.net.URLClassLoader.getAndVerifyPackage(Ljava/lang/String;Ljava/util/jar/Manifest;Ljava/net/URL;)Ljava/lang/Package; @ 62
Event: 18.699 Thread 0x00007f5bb400a000 Uncommon trap: reason=unstable_if action=reinterpret pc=0x00007f5bfd4baf50 method=java.io.BufferedInputStream.read([BII)I @ 56
Event: 18.701 Thread 0x00007f5bb400a000 Uncommon trap: reason=unstable_if action=reinterpret pc=0x00007f5bfd19a470 method=java.lang.AbstractStringBuilder.append(Ljava/lang/String;)Ljava/lang/AbstractStringBuilder; @ 1
Event: 18.702 Thread 0x00007f5bb400a000 Uncommon trap: reason=unstable_if action=reinterpret pc=0x00007f5bfd163364 method=java.lang.AbstractStringBuilder.append(Ljava/lang/String;)Ljava/lang/AbstractStringBuilder; @ 1
Event: 18.849 Thread 0x00007f5bb400a000 Uncommon trap: reason=unstable_if action=reinterpret pc=0x00007f5bfd22d09c method=java.io.UnixFileSystem.normalize(Ljava/lang/String;)Ljava/lang/String; @ 60
Event: 18.857 Thread 0x00007f5bb400a000 Uncommon trap: reason=class_check action=maybe_recompile pc=0x00007f5bfd1cda88 method=sun.misc.URLClassPath.getLoader(I)Lsun/misc/URLClassPath$Loader; @ 94
Event: 18.858 Thread 0x00007f5bb400a000 Uncommon trap: reason=class_check action=maybe_recompile pc=0x00007f5bfd2f5868 method=sun.misc.URLClassPath.getResource(Ljava/lang/String;Z)Lsun/misc/Resource; @ 62
Event: 18.863 Thread 0x00007f5bb400a000 Uncommon trap: reason=unstable_if action=reinterpret pc=0x00007f5bfd159c20 method=java.lang.ClassLoader.getClassLoadingLock(Ljava/lang/String;)Ljava/lang/Object; @ 6
Event: 18.940 Thread 0x00007f5bb400a000 Uncommon trap: reason=unstable_if action=reinterpret pc=0x00007f5bfd4b4cbc method=java.lang.ClassLoader.getClassLoadingLock(Ljava/lang/String;)Ljava/lang/Object; @ 6

Classes redefined (0 events):
No events

Internal exceptions (10 events):
Event: 18.252 Thread 0x00007f5bb400a000 Exception <a 'java/lang/NoSuchMethodError': <clinit>> (0x00000000e13fc518) thrown at [/buildbot/src/googleplex-android/openjdk/out/hotspot/src/share/vm/prims/jni.cpp, line 1613]
Event: 18.255 Thread 0x00007f5bb400a000 Exception <a 'java/lang/NoSuchMethodError': <clinit>> (0x00000000e140c410) thrown at [/buildbot/src/googleplex-android/openjdk/out/hotspot/src/share/vm/prims/jni.cpp, line 1613]
Event: 18.257 Thread 0x00007f5bb400a000 Exception <a 'java/lang/NoSuchMethodError': <clinit>> (0x00000000e14196a0) thrown at [/buildbot/src/googleplex-android/openjdk/out/hotspot/src/share/vm/prims/jni.cpp, line 1613]
Event: 18.288 Thread 0x00007f5bb400a000 Exception <a 'java/lang/NoSuchMethodError': <clinit>> (0x00000000e14e87f0) thrown at [/buildbot/src/googleplex-android/openjdk/out/hotspot/src/share/vm/prims/jni.cpp, line 1613]
Event: 18.289 Thread 0x00007f5bb400a000 Exception <a 'java/lang/NoSuchMethodError': <clinit>> (0x00000000e14ec920) thrown at [/buildbot/src/googleplex-android/openjdk/out/hotspot/src/share/vm/prims/jni.cpp, line 1613]
Event: 18.289 Thread 0x00007f5bb400a000 Exception <a 'java/lang/NoSuchMethodError': <clinit>> (0x00000000e14ee428) thrown at [/buildbot/src/googleplex-android/openjdk/out/hotspot/src/share/vm/prims/jni.cpp, line 1613]
Event: 18.289 Thread 0x00007f5bb400a000 Exception <a 'java/lang/NoSuchMethodError': <clinit>> (0x00000000e14efbf8) thrown at [/buildbot/src/googleplex-android/openjdk/out/hotspot/src/share/vm/prims/jni.cpp, line 1613]
Event: 18.289 Thread 0x00007f5bb400a000 Exception <a 'java/lang/NoSuchMethodError': <clinit>> (0x00000000e14f1278) thrown at [/buildbot/src/googleplex-android/openjdk/out/hotspot/src/share/vm/prims/jni.cpp, line 1613]
Event: 18.701 Thread 0x00007f5bb400a000 Implicit null exception at 0x00007f5bfd19a0b5 to 0x00007f5bfd19a45d
Event: 18.702 Thread 0x00007f5bb400a000 Implicit null exception at 0x00007f5bfd162f76 to 0x00007f5bfd16334d

Events (10 events):
Event: 20.431 loading class org/codehaus/groovy/ast/ClassCodeVisitorSupport done
Event: 20.439 loading class org/codehaus/groovy/transform/ErrorCollecting
Event: 20.439 loading class org/codehaus/groovy/transform/ErrorCollecting done
Event: 20.440 loading class org/codehaus/groovy/ast/GroovyClassVisitor
Event: 20.440 loading class org/codehaus/groovy/ast/GroovyClassVisitor done
Event: 20.441 loading class org/codehaus/groovy/ast/CodeVisitorSupport
Event: 20.441 loading class org/codehaus/groovy/ast/CodeVisitorSupport done
Event: 20.444 loading class org/codehaus/groovy/runtime/NioGroovyMethods
Event: 20.444 loading class org/codehaus/groovy/runtime/NioGroovyMethods done
Event: 20.455 Executing VM operation: CollectForMetadataAllocation


Dynamic libraries:
00400000-00401000 r-xp 00000000 08:01 3809280                            /home/pandit/Downloads/android-studio/jre/bin/java
00401000-00402000 rw-p 00000000 08:01 3809280                            /home/pandit/Downloads/android-studio/jre/bin/java
01655000-01676000 rw-p 00000000 00:00 0                                  [heap]
a0000000-a1400000 rw-p 00000000 00:00 0 
a1400000-e0000000 ---p 00000000 00:00 0 
e0000000-e4c00000 rw-p 00000000 00:00 0 
e7480000-100000000 ---p 00000000 00:00 0 
100000000-100320000 rw-p 00000000 00:00 0 
100320000-140000000 ---p 00000000 00:00 0 
7f5b88000000-7f5b88021000 rw-p 00000000 00:00 0 
7f5b88021000-7f5b8c000000 ---p 00000000 00:00 0 
7f5b8c000000-7f5b8c021000 rw-p 00000000 00:00 0 
7f5b8c021000-7f5b90000000 ---p 00000000 00:00 0 
7f5b90000000-7f5b90021000 rw-p 00000000 00:00 0 
7f5b90021000-7f5b94000000 ---p 00000000 00:00 0 
7f5b94000000-7f5b94021000 rw-p 00000000 00:00 0 
7f5b94021000-7f5b98000000 ---p 00000000 00:00 0 
7f5b98000000-7f5b98021000 rw-p 00000000 00:00 0 
7f5b98021000-7f5b9c000000 ---p 00000000 00:00 0 
7f5b9c000000-7f5b9c021000 rw-p 00000000 00:00 0 
7f5b9c021000-7f5ba0000000 ---p 00000000 00:00 0 
7f5ba0000000-7f5ba0801000 rw-p 00000000 00:00 0 
7f5ba0801000-7f5ba4000000 ---p 00000000 00:00 0 
7f5ba4000000-7f5ba43ea000 rw-p 00000000 00:00 0 
7f5ba43ea000-7f5ba8000000 ---p 00000000 00:00 0 
7f5ba8000000-7f5ba8025000 rw-p 00000000 00:00 0 
7f5ba8025000-7f5bac000000 ---p 00000000 00:00 0 
7f5bac000000-7f5bac021000 rw-p 00000000 00:00 0 
7f5bac021000-7f5bb0000000 ---p 00000000 00:00 0 
7f5bb0000000-7f5bb0021000 rw-p 00000000 00:00 0 
7f5bb0021000-7f5bb4000000 ---p 00000000 00:00 0 
7f5bb4000000-7f5bb4021000 rw-p 00000000 00:00 0 
7f5bb4021000-7f5bb8000000 ---p 00000000 00:00 0 
7f5bb8000000-7f5bb8069000 rw-p 00000000 00:00 0 
7f5bb8069000-7f5bbc000000 ---p 00000000 00:00 0 
7f5bbcdff000-7f5bbcfab000 rw-p 00000000 00:00 0 
7f5bbcfab000-7f5bbcfff000 ---p 00000000 00:00 0 
7f5bbcfff000-7f5bc0000000 rw-p 00000000 00:00 0 
7f5bc0000000-7f5bc0021000 rw-p 00000000 00:00 0 
7f5bc0021000-7f5bc4000000 ---p 00000000 00:00 0 
7f5bc4000000-7f5bc4021000 rw-p 00000000 00:00 0 
7f5bc4021000-7f5bc8000000 ---p 00000000 00:00 0 
7f5bc8000000-7f5bc84a9000 rw-p 00000000 00:00 0 
7f5bc84a9000-7f5bcc000000 ---p 00000000 00:00 0 
7f5bcc000000-7f5bcc021000 rw-p 00000000 00:00 0 
7f5bcc021000-7f5bd0000000 ---p 00000000 00:00 0 
7f5bd0000000-7f5bd21d7000 rw-p 00000000 00:00 0 
7f5bd21d7000-7f5bd4000000 ---p 00000000 00:00 0 
7f5bd4000000-7f5bd5d66000 rw-p 00000000 00:00 0 
7f5bd5d66000-7f5bd8000000 ---p 00000000 00:00 0 
7f5bd8000000-7f5bd8021000 rw-p 00000000 00:00 0 
7f5bd8021000-7f5bdc000000 ---p 00000000 00:00 0 
7f5bdc000000-7f5bdc021000 rw-p 00000000 00:00 0 
7f5bdc021000-7f5be0000000 ---p 00000000 00:00 0 
7f5be0000000-7f5be02bf000 rw-p 00000000 00:00 0 
7f5be02bf000-7f5be4000000 ---p 00000000 00:00 0 
7f5be4000000-7f5be4021000 rw-p 00000000 00:00 0 
7f5be4021000-7f5be8000000 ---p 00000000 00:00 0 
7f5be80b5000-7f5be8262000 r--s 02ff2000 08:01 3679813                    /home/pandit/.gradle/caches/jars-3/fad5c124514f89b0872365e7df4c6df7/android.jar
7f5be8262000-7f5be84d4000 r--s 01914000 08:01 3679811                    /home/pandit/.gradle/caches/jars-3/82369510698072463efbe6adcbe28b53/gradle-api-impldep-4.10.jar
7f5be84d4000-7f5be86d4000 rw-p 00000000 00:00 0 
7f5be875e000-7f5be875f000 r--s 00000000 08:01 3679823                    /home/pandit/.gradle/caches/jars-3/497c99dc43ce8fece95d0e589f2459bd/gradle-appengine-builder-model-0.1.0.jar
7f5be875f000-7f5be8760000 r--s 00002000 08:01 3679821                    /home/pandit/.gradle/caches/jars-3/53bc20af5a23d7a7034d5aad4c49c4c9/kotlin-gradle-plugin-model-1.3.0.jar
7f5be8760000-7f5be8792000 r--s 0026a000 08:01 3679819                    /home/pandit/.gradle/caches/jars-3/1292525a786f20744e75964100cf9267/guava-25.1-jre.jar
7f5be8792000-7f5be8794000 r--s 0000d000 08:01 3679817                    /home/pandit/.gradle/caches/jars-3/053b62fb9441075a514ed43fe20841ad/gradle-tooling-extension-api.jar
7f5be8794000-7f5be87bc000 r--s 006f7000 08:01 3679815                    /home/pandit/.gradle/caches/jars-3/7501d0bdf28005a8490d1d58f5a386dc/sdk-tools.jar
7f5be87bc000-7f5be8917000 r--s 00bad000 08:01 3679808                    /home/pandit/.gradle/caches/jars-3/9f8c68e9e5f76d63aea917149b6bc9a0/gradle-api-4.10.jar
7f5be8917000-7f5be8991000 r--s 010fd000 08:01 3809274                    /home/pandit/Downloads/android-studio/jre/lib/tools.jar
7f5be8991000-7f5be8994000 ---p 00000000 00:00 0 
7f5be8994000-7f5be8c92000 rw-p 00000000 00:00 0 
7f5be8c92000-7f5be8c95000 ---p 00000000 00:00 0 
7f5be8c95000-7f5be8d93000 rw-p 00000000 00:00 0 
7f5be8d93000-7f5be8d96000 ---p 00000000 00:00 0 
7f5be8d96000-7f5be8e94000 rw-p 00000000 00:00 0 
7f5be8e94000-7f5be8e97000 ---p 00000000 00:00 0 
7f5be8e97000-7f5be9195000 rw-p 00000000 00:00 0 
7f5be9195000-7f5be9198000 ---p 00000000 00:00 0 
7f5be9198000-7f5be9296000 rw-p 00000000 00:00 0 
7f5be9296000-7f5be9299000 ---p 00000000 00:00 0 
7f5be9299000-7f5be9397000 rw-p 00000000 00:00 0 
7f5be9397000-7f5be939a000 ---p 00000000 00:00 0 
7f5be939a000-7f5be9498000 rw-p 00000000 00:00 0 
7f5be9498000-7f5be949b000 ---p 00000000 00:00 0 
7f5be949b000-7f5be9599000 rw-p 00000000 00:00 0 
7f5be9599000-7f5be959c000 ---p 00000000 00:00 0 
7f5be959c000-7f5be969a000 rw-p 00000000 00:00 0 
7f5be969a000-7f5be969d000 ---p 00000000 00:00 0 
7f5be969d000-7f5be979b000 rw-p 00000000 00:00 0 
7f5be979b000-7f5be979e000 ---p 00000000 00:00 0 
7f5be979e000-7f5be989c000 rw-p 00000000 00:00 0 
7f5be989c000-7f5be989f000 ---p 00000000 00:00 0 
7f5be989f000-7f5be999d000 rw-p 00000000 00:00 0 
7f5be999d000-7f5be99a4000 r--s 00000000 08:01 395714                     /usr/lib/x86_64-linux-gnu/gconv/gconv-modules.cache
7f5be99a4000-7f5be99a7000 ---p 00000000 00:00 0 
7f5be99a7000-7f5be9aa5000 rw-p 00000000 00:00 0 
7f5be9aa5000-7f5be9aaa000 r--s 0009a000 08:01 3809423                    /home/pandit/Downloads/android-studio/jre/jre/lib/jsse.jar
7f5be9aaa000-7f5be9caa000 rw-p 00000000 00:00 0 
7f5be9caa000-7f5be9cb2000 r-xp 00000000 08:01 3809368                    /home/pandit/Downloads/android-studio/jre/jre/lib/amd64/libmanagement.so
7f5be9cb2000-7f5be9cb3000 rw-p 00007000 08:01 3809368                    /home/pandit/Downloads/android-studio/jre/jre/lib/amd64/libmanagement.so
7f5be9cb3000-7f5be9cb6000 r--s 0000e000 08:01 3678787                    /home/pandit/.gradle/wrapper/dists/gradle-5.1.1-all/97z1ksx6lirer3kbvdnh7jtjg/gradle-5.1.1/lib/plugins/gradle-tooling-api-builders-5.1.1.jar
7f5be9cb6000-7f5be9cb7000 r--s 00005000 08:01 3678808                    /home/pandit/.gradle/wrapper/dists/gradle-5.1.1-all/97z1ksx6lirer3kbvdnh7jtjg/gradle-5.1.1/lib/plugins/gradle-build-profile-5.1.1.jar
7f5be9cb7000-7f5be9cb9000 r--s 00003000 08:01 3678767                    /home/pandit/.gradle/wrapper/dists/gradle-5.1.1-all/97z1ksx6lirer3kbvdnh7jtjg/gradle-5.1.1/lib/plugins/gradle-tooling-native-5.1.1.jar
7f5be9cb9000-7f5be9cbe000 r--s 0001d000 08:01 3678769                    /home/pandit/.gradle/wrapper/dists/gradle-5.1.1-all/97z1ksx6lirer3kbvdnh7jtjg/gradle-5.1.1/lib/plugins/gradle-testing-native-5.1.1.jar
7f5be9cbe000-7f5be9cc0000 r--s 0000f000 08:01 3678864                    /home/pandit/.gradle/wrapper/dists/gradle-5.1.1-all/97z1ksx6lirer3kbvdnh7jtjg/gradle-5.1.1/lib/plugins/jcommander-1.72.jar
7f5be9cc0000-7f5be9cc9000 r--s 00089000 08:01 3678840                    /home/pandit/.gradle/wrapper/dists/gradle-5.1.1-all/97z1ksx6lirer3kbvdnh7jtjg/gradle-5.1.1/lib/plugins/testng-6.3.1.jar
7f5be9cc9000-7f5be9cce000 r--s 0005a000 08:01 3678844                    /home/pandit/.gradle/wrapper/dists/gradle-5.1.1-all/97z1ksx6lirer3kbvdnh7jtjg/gradle-5.1.1/lib/plugins/bsh-2.0b6.jar
7f5be9cce000-7f5be9cd2000 r--s 0001c000 08:01 3678788                    /home/pandit/.gradle/wrapper/dists/gradle-5.1.1-all/97z1ksx6lirer3kbvdnh7jtjg/gradle-5.1.1/lib/plugins/gradle-testing-jvm-5.1.1.jar
7f5be9cd2000-7f5be9cd5000 r--s 00011000 08:01 3678882                    /home/pandit/.gradle/wrapper/dists/gradle-5.1.1-all/97z1ksx6lirer3kbvdnh7jtjg/gradle-5.1.1/lib/plugins/junit-platform-commons-1.3.1.jar
7f5be9cd5000-7f5be9cd6000 r--s 00001000 08:01 3678884                    /home/pandit/.gradle/wrapper/dists/gradle-5.1.1-all/97z1ksx6lirer3kbvdnh7jtjg/gradle-5.1.1/lib/plugins/opentest4j-1.1.1.jar
7f5be9cd6000-7f5be9cda000 r--s 0001d000 08:01 3678881                    /home/pandit/.gradle/wrapper/dists/gradle-5.1.1-all/97z1ksx6lirer3kbvdnh7jtjg/gradle-5.1.1/lib/plugins/junit-platform-engine-1.3.1.jar
7f5be9cda000-7f5be9cdb000 r--s 00000000 08:01 3678883                    /home/pandit/.gradle/wrapper/dists/gradle-5.1.1-all/97z1ksx6lirer3kbvdnh7jtjg/gradle-5.1.1/lib/plugins/apiguardian-api-1.0.0.jar
7f5be9cdb000-7f5be9cde000 r--s 00015000 08:01 3678845                    /home/pandit/.gradle/wrapper/dists/gradle-5.1.1-all/97z1ksx6lirer3kbvdnh7jtjg/gradle-5.1.1/lib/plugins/junit-platform-launcher-1.3.1.jar
7f5be9cde000-7f5be9ce0000 r--s 00009000 08:01 3678862                    /home/pandit/.gradle/wrapper/dists/gradle-5.1.1-all/97z1ksx6lirer3kbvdnh7jtjg/gradle-5.1.1/lib/plugins/hamcrest-core-1.3.jar
7f5be9ce0000-7f5be9ce8000 r--s 00045000 08:01 3678843                    /home/pandit/.gradle/wrapper/dists/gradle-5.1.1-all/97z1ksx6lirer3kbvdnh7jtjg/gradle-5.1.1/lib/plugins/junit-4.12.jar
7f5be9ce8000-7f5be9ce9000 r--s 00003000 08:01 3678786                    /home/pandit/.gradle/wrapper/dists/gradle-5.1.1-all/97z1ksx6lirer3kbvdnh7jtjg/gradle-5.1.1/lib/plugins/gradle-testing-junit-platform-5.1.1.jar
7f5be9ce9000-7f5be9cf1000 r--s 00034000 08:01 3678796                    /home/pandit/.gradle/wrapper/dists/gradle-5.1.1-all/97z1ksx6lirer3kbvdnh7jtjg/gradle-5.1.1/lib/plugins/gradle-testing-base-5.1.1.jar
7f5be9cf1000-7f5be9cf9000 r--s 00047000 08:01 3678834                    /home/pandit/.gradle/wrapper/dists/gradle-5.1.1-all/97z1ksx6lirer3kbvdnh7jtjg/gradle-5.1.1/lib/plugins/bcpg-jdk15on-1.60.jar
7f5be9cf9000-7f5be9cfb000 r--s 0000e000 08:01 3678766                    /home/pandit/.gradle/wrapper/dists/gradle-5.1.1-all/97z1ksx6lirer3kbvdnh7jtjg/gradle-5.1.1/lib/plugins/gradle-signing-5.1.1.jar
7f5be9cfb000-7f5be9cfd000 r--s 00009000 08:01 3678775                    /home/pandit/.gradle/wrapper/dists/gradle-5.1.1-all/97z1ksx6lirer3kbvdnh7jtjg/gradle-5.1.1/lib/plugins/gradle-scala-5.1.1.jar
7f5be9cfd000-7f5be9cfe000 r--s 00004000 08:01 3678807                    /home/pandit/.gradle/wrapper/dists/gradle-5.1.1-all/97z1ksx6lirer3kbvdnh7jtjg/gradle-5.1.1/lib/plugins/gradle-resources-sftp-5.1.1.jar
7f5be9cfe000-7f5be9d07000 r--s 0005b000 08:01 3678811                    /home/pandit/.gradle/wrapper/dists/gradle-5.1.1-all/97z1ksx6lirer3kbvdnh7jtjg/gradle-5.1.1/lib/plugins/aws-java-sdk-kms-1.11.407.jar
7f5be9d07000-7f5be9d09000 r--s 00005000 08:01 3678851                    /home/pandit/.gradle/wrapper/dists/gradle-5.1.1-all/97z1ksx6lirer3kbvdnh7jtjg/gradle-5.1.1/lib/plugins/jmespath-java-1.11.407.jar
7f5be9d09000-7f5be9d1c000 r--s 000ca000 08:01 3678810                    /home/pandit/.gradle/wrapper/dists/gradle-5.1.1-all/97z1ksx6lirer3kbvdnh7jtjg/gradle-5.1.1/lib/plugins/aws-java-sdk-s3-1.11.407.jar
7f5be9d1c000-7f5be9d26000 r--s 00081000 08:01 3678880                    /home/pandit/.gradle/wrapper/dists/gradle-5.1.1-all/97z1ksx6lirer3kbvdnh7jtjg/gradle-5.1.1/lib/plugins/ion-java-1.0.2.jar
7f5be9d26000-7f5be9d3c000 r--s 000ca000 08:01 3678812                    /home/pandit/.gradle/wrapper/dists/gradle-5.1.1-all/97z1ksx6lirer3kbvdnh7jtjg/gradle-5.1.1/lib/plugins/aws-java-sdk-core-1.11.407.jar
7f5be9d3c000-7f5be9d3e000 r--s 00004000 08:01 3678803                    /home/pandit/.gradle/wrapper/dists/gradle-5.1.1-all/97z1ksx6lirer3kbvdnh7jtjg/gradle-5.1.1/lib/plugins/gradle-resources-s3-5.1.1.jar
7f5be9d3e000-7f5be9d4f000 r--s 0008c000 08:01 3678855                    /home/pandit/.gradle/wrapper/dists/gradle-5.1.1-all/97z1ksx6lirer3kbvdnh7jtjg/gradle-5.1.1/lib/plugins/joda-time-2.10.jar
7f5be9d4f000-7f5be9d62000 r--s 00137000 08:01 3678852                    /home/pandit/.gradle/wrapper/dists/gradle-5.1.1-all/97z1ksx6lirer3kbvdnh7jtjg/gradle-5.1.1/lib/plugins/jackson-databind-2.9.6.jar
7f5be9d62000-7f5be9d65000 r--s 0000e000 08:01 3678854                    /home/pandit/.gradle/wrapper/dists/gradle-5.1.1-all/97z1ksx6lirer3kbvdnh7jtjg/gradle-5.1.1/lib/plugins/jackson-annotations-2.9.6.jar
7f5be9d65000-7f5be9d6a000 r--s 0004b000 08:01 3678853                    /home/pandit/.gradle/wrapper/dists/gradle-5.1.1-all/97z1ksx6lirer3kbvdnh7jtjg/gradle-5.1.1/lib/plugins/jackson-core-2.9.6.jar
7f5be9d6a000-7f5be9d6b000 r--s 00001000 08:01 3678819                    /home/pandit/.gradle/wrapper/dists/gradle-5.1.1-all/97z1ksx6lirer3kbvdnh7jtjg/gradle-5.1.1/lib/plugins/google-http-client-jackson2-1.25.0.jar
7f5be9d6b000-7f5be9d75000 r--s 00056000 08:01 3678820                    /home/pandit/.gradle/wrapper/dists/gradle-5.1.1-all/97z1ksx6lirer3kbvdnh7jtjg/gradle-5.1.1/lib/plugins/google-http-client-1.25.0.jar
7f5be9d75000-7f5be9d78000 r--s 0000d000 08:01 3678818                    /home/pandit/.gradle/wrapper/dists/gradle-5.1.1-all/97z1ksx6lirer3kbvdnh7jtjg/gradle-5.1.1/lib/plugins/google-oauth-client-1.25.0.jar
7f5be9d78000-7f5be9d7d000 r--s 0002d000 08:01 3678817                    /home/pandit/.gradle/wrapper/dists/gradle-5.1.1-all/97z1ksx6lirer3kbvdnh7jtjg/gradle-5.1.1/lib/plugins/google-api-client-1.25.0.jar
7f5be9d7d000-7f5be9d81000 r--s 0001d000 08:01 3678816                    /home/pandit/.gradle/wrapper/dists/gradle-5.1.1-all/97z1ksx6lirer3kbvdnh7jtjg/gradle-5.1.1/lib/plugins/google-api-services-storage-v1-rev136-1.25.0.jar
7f5be9d81000-7f5be9d83000 r--s 00003000 08:01 3678804                    /home/pandit/.gradle/wrapper/dists/gradle-5.1.1-all/97z1ksx6lirer3kbvdnh7jtjg/gradle-5.1.1/lib/plugins/gradle-resources-gcs-5.1.1.jar
7f5be9d83000-7f5be9d85000 r--s 00010000 08:01 3678802                    /home/pandit/.gradle/wrapper/dists/gradle-5.1.1-all/97z1ksx6lirer3kbvdnh7jtjg/gradle-5.1.1/lib/plugins/gradle-reporting-5.1.1.jar
7f5be9d85000-7f5be9d87000 r--s 00007000 08:01 3678795                    /home/pandit/.gradle/wrapper/dists/gradle-5.1.1-all/97z1ksx6lirer3kbvdnh7jtjg/gradle-5.1.1/lib/plugins/gradle-publish-5.1.1.jar
7f5be9d87000-7f5be9d89000 r--s 0000c000 08:01 3678824                    /home/pandit/.gradle/wrapper/dists/gradle-5.1.1-all/97z1ksx6lirer3kbvdnh7jtjg/gradle-5.1.1/lib/plugins/commons-cli-1.4.jar
7f5be9d89000-7f5be9d90000 r--s 0003e000 08:01 3678783                    /home/pandit/.gradle/wrapper/dists/gradle-5.1.1-all/97z1ksx6lirer3kbvdnh7jtjg/gradle-5.1.1/lib/plugins/gradle-plugins-5.1.1.jar
7f5be9d90000-7f5be9d92000 r--s 0000c000 08:01 3678771                    /home/pandit/.gradle/wrapper/dists/gradle-5.1.1-all/97z1ksx6lirer3kbvdnh7jtjg/gradle-5.1.1/lib/plugins/gradle-plugin-development-5.1.1.jar
7f5be9d92000-7f5be9d98000 r--s 00030000 08:01 3678778                    /home/pandit/.gradle/wrapper/dists/gradle-5.1.1-all/97z1ksx6lirer3kbvdnh7jtjg/gradle-5.1.1/lib/plugins/gradle-platform-play-5.1.1.jar
7f5be9d98000-7f5be9d9e000 r--s 0003d000 08:01 3678841                    /home/pandit/.gradle/wrapper/dists/gradle-5.1.1-all/97z1ksx6lirer3kbvdnh7jtjg/gradle-5.1.1/lib/plugins/snakeyaml-1.17.jar
7f5be9d9e000-7f5be9daf000 r--s 00076000 08:01 3678793                    /home/pandit/.gradle/wrapper/dists/gradle-5.1.1-all/97z1ksx6lirer3kbvdnh7jtjg/gradle-5.1.1/lib/plugins/gradle-platform-native-5.1.1.jar
7f5be9daf000-7f5be9db3000 r--s 0001b000 08:01 3678792                    /home/pandit/.gradle/wrapper/dists/gradle-5.1.1-all/97z1ksx6lirer3kbvdnh7jtjg/gradle-5.1.1/lib/plugins/gradle-platform-jvm-5.1.1.jar
7f5be9db3000-7f5be9dba000 r--s 00029000 08:01 3678797                    /home/pandit/.gradle/wrapper/dists/gradle-5.1.1-all/97z1ksx6lirer3kbvdnh7jtjg/gradle-5.1.1/lib/plugins/gradle-platform-base-5.1.1.jar
7f5be9dba000-7f5be9de7000 r--s 0025e000 08:01 3678825                    /home/pandit/.gradle/wrapper/dists/gradle-5.1.1-all/97z1ksx6lirer3kbvdnh7jtjg/gradle-5.1.1/lib/plugins/biz.aQute.bndlib-4.0.0.jar
7f5be9de7000-7f5be9de8000 r--s 00004000 08:01 3678765                    /home/pandit/.gradle/wrapper/dists/gradle-5.1.1-all/97z1ksx6lirer3kbvdnh7jtjg/gradle-5.1.1/lib/plugins/gradle-osgi-5.1.1.jar
7f5be9de8000-7f5be9deb000 r--s 0000c000 08:01 3678830                    /home/pandit/.gradle/wrapper/dists/gradle-5.1.1-all/97z1ksx6lirer3kbvdnh7jtjg/gradle-5.1.1/lib/plugins/pmaven-groovy-0.8-20100325.jar
7f5be9deb000-7f5be9dec000 r--s 00004000 08:01 3678829                    /home/pandit/.gradle/wrapper/dists/gradle-5.1.1-all/97z1ksx6lirer3kbvdnh7jtjg/gradle-5.1.1/lib/plugins/pmaven-common-0.8-20100325.jar
7f5be9dec000-7f5be9ded000 r--s 00008000 08:01 3678815                    /home/pandit/.gradle/wrapper/dists/gradle-5.1.1-all/97z1ksx6lirer3kbvdnh7jtjg/gradle-5.1.1/lib/plugins/wagon-http-shared-3.0.0.jar
7f5be9ded000-7f5be9dee000 r--s 00002000 08:01 3678814                    /home/pandit/.gradle/wrapper/dists/gradle-5.1.1-all/97z1ksx6lirer3kbvdnh7jtjg/gradle-5.1.1/lib/plugins/wagon-http-3.0.0.jar
7f5be9dee000-7f5be9def000 r--s 00002000 08:01 3678831                    /home/pandit/.gradle/wrapper/dists/gradle-5.1.1-all/97z1ksx6lirer3kbvdnh7jtjg/gradle-5.1.1/lib/plugins/wagon-file-3.0.0.jar
7f5be9def000-7f5be9df1000 r--s 00006000 08:01 3678833                    /home/pandit/.gradle/wrapper/dists/gradle-5.1.1-all/97z1ksx6lirer3kbvdnh7jtjg/gradle-5.1.1/lib/plugins/aether-connector-wagon-1.13.1.jar
7f5be9df1000-7f5be9df7000 r--s 0002e000 08:01 3678772                    /home/pandit/.gradle/wrapper/dists/gradle-5.1.1-all/97z1ksx6lirer3kbvdnh7jtjg/gradle-5.1.1/lib/plugins/gradle-maven-5.1.1.jar
7f5be9df7000-7f5be9dfa000 r--s 0000b000 08:01 3678785                    /home/pandit/.gradle/wrapper/dists/gradle-5.1.1-all/97z1ksx6lirer3kbvdnh7jtjg/gradle-5.1.1/lib/plugins/gradle-language-scala-5.1.1.jar
7f5be9dfa000-7f5be9e06000 r--s 00059000 08:01 3678770                    /home/pandit/.gradle/wrapper/dists/gradle-5.1.1-all/97z1ksx6lirer3kbvdnh7jtjg/gradle-5.1.1/lib/plugins/gradle-language-native-5.1.1.jar
7f5be9e06000-7f5be9e09000 r--s 00004000 08:01 3678791                    /home/pandit/.gradle/wrapper/dists/gradle-5.1.1-all/97z1ksx6lirer3kbvdnh7jtjg/gradle-5.1.1/lib/plugins/gradle-language-jvm-5.1.1.jar
7f5be9e09000-7f5be9e12000 r--s 00040000 08:01 3678789                    /home/pandit/.gradle/wrapper/dists/gradle-5.1.1-all/97z1ksx6lirer3kbvdnh7jtjg/gradle-5.1.1/lib/plugins/gradle-language-java-5.1.1.jar
7f5be9e12000-7f5be9e14000 r--s 0000b000 08:01 3678784                    /home/pandit/.gradle/wrapper/dists/gradle-5.1.1-all/97z1ksx6lirer3kbvdnh7jtjg/gradle-5.1.1/lib/plugins/gradle-language-groovy-5.1.1.jar
7f5be9e14000-7f5be9e1b000 r--s 00035000 08:01 3678837                    /home/pandit/.gradle/wrapper/dists/gradle-5.1.1-all/97z1ksx6lirer3kbvdnh7jtjg/gradle-5.1.1/lib/plugins/simple-4.1.21.jar
7f5be9e1b000-7f5be9e28000 r--s 00125000 08:01 3678835                    /home/pandit/.gradle/wrapper/dists/gradle-5.1.1-all/97z1ksx6lirer3kbvdnh7jtjg/gradle-5.1.1/lib/plugins/rhino-1.7.10.jar
7f5be9e28000-7f5be9e2c000 r--s 00012000 08:01 3678779                    /home/pandit/.gradle/wrapper/dists/gradle-5.1.1-all/97z1ksx6lirer3kbvdnh7jtjg/gradle-5.1.1/lib/plugins/gradle-javascript-5.1.1.jar
7f5be9e2c000-7f5be9e2f000 r--s 00011000 08:01 3678781                    /home/pandit/.gradle/wrapper/dists/gradle-5.1.1-all/97z1ksx6lirer3kbvdnh7jtjg/gradle-5.1.1/lib/plugins/gradle-jacoco-5.1.1.jar
7f5be9e2f000-7f5be9e32000 r--s 00013000 08:01 3678780                    /home/pandit/.gradle/wrapper/dists/gradle-5.1.1-all/97z1ksx6lirer3kbvdnh7jtjg/gradle-5.1.1/lib/plugins/gradle-ivy-5.1.1.jar
7f5be9e32000-7f5be9e33000 r--s 00002000 08:01 3678773                    /home/pandit/.gradle/wrapper/dists/gradle-5.1.1-all/97z1ksx6lirer3kbvdnh7jtjg/gradle-5.1.1/lib/plugins/gradle-ide-play-5.1.1.jar
7f5be9e33000-7f5be9e35000 r--s 00011000 08:01 3678842                    /home/pandit/.gradle/wrapper/dists/gradle-5.1.1-all/97z1ksx6lirer3kbvdnh7jtjg/gradle-5.1.1/lib/plugins/dd-plist-1.21.jar
7f5be9e35000-7f5be9e3c000 r--s 00033000 08:01 3678768                    /home/pandit/.gradle/wrapper/dists/gradle-5.1.1-all/97z1ksx6lirer3kbvdnh7jtjg/gradle-5.1.1/lib/plugins/gradle-ide-native-5.1.1.jar
7f5be9e3c000-7f5be9e46000 r--s 0005e000 08:01 3678774                    /home/pandit/.gradle/wrapper/dists/gradle-5.1.1-all/97z1ksx6lirer3kbvdnh7jtjg/gradle-5.1.1/lib/plugins/gradle-ide-5.1.1.jar
7f5be9e46000-7f5be9e48000 r--s 00008000 08:01 3678777                    /home/pandit/.gradle/wrapper/dists/gradle-5.1.1-all/97z1ksx6lirer3kbvdnh7jtjg/gradle-5.1.1/lib/plugins/gradle-ear-5.1.1.jar
7f5be9e48000-7f5be9e4a000 r--s 00006000 08:01 3678838                    /home/pandit/.gradle/wrapper/dists/gradle-5.1.1-all/97z1ksx6lirer3kbvdnh7jtjg/gradle-5.1.1/lib/plugins/jatl-0.2.3.jar
7f5be9e4a000-7f5be9e51000 r--s 0003d000 08:01 3678794                    /home/pandit/.gradle/wrapper/dists/gradle-5.1.1-all/97z1ksx6lirer3kbvdnh7jtjg/gradle-5.1.1/lib/plugins/gradle-diagnostics-5.1.1.jar
7f5be9e51000-7f5be9e56000 r--s 00028000 08:01 3678764                    /home/pandit/.gradle/wrapper/dists/gradle-5.1.1-all/97z1ksx6lirer3kbvdnh7jtjg/gradle-5.1.1/lib/plugins/gradle-code-quality-5.1.1.jar
7f5be9e56000-7f5be9e58000 r--s 0000b000 08:01 3678839                    /home/pandit/.gradle/wrapper/dists/gradle-5.1.1-all/97z1ksx6lirer3kbvdnh7jtjg/gradle-5.1.1/lib/plugins/maven-plugin-api-3.0.4.jar
7f5be9e58000-7f5be9e5a000 r--s 0000c000 08:01 3678877                    /home/pandit/.gradle/wrapper/dists/gradle-5.1.1-all/97z1ksx6lirer3kbvdnh7jtjg/gradle-5.1.1/lib/plugins/wagon-provider-api-3.0.0.jar
7f5be9e5a000-7f5be9e60000 r--s 0003f000 08:01 3678827                    /home/pandit/.gradle/wrapper/dists/gradle-5.1.1-all/97z1ksx6lirer3kbvdnh7jtjg/gradle-5.1.1/lib/plugins/maven-compat-3.0.4.jar
7f5be9e60000-7f5be9e63000 r--s 0000a000 08:01 3678874                    /home/pandit/.gradle/wrapper/dists/gradle-5.1.1-all/97z1ksx6lirer3kbvdnh7jtjg/gradle-5.1.1/lib/plugins/plexus-classworlds-2.5.1.jar
7f5be9e63000-7f5be9e67000 r--s 00021000 08:01 3678879                    /home/pandit/.gradle/wrapper/dists/gradle-5.1.1-all/97z1ksx6lirer3kbvdnh7jtjg/gradle-5.1.1/lib/plugins/xbean-reflect-3.7.jar
7f5be9e67000-7f5be9e6e000 r--s 00032000 08:01 3678832                    /home/pandit/.gradle/wrapper/dists/gradle-5.1.1-all/97z1ksx6lirer3kbvdnh7jtjg/gradle-5.1.1/lib/plugins/plexus-container-default-1.7.1.jar
7f5be9e6e000-7f5be9e74000 r--s 0002e000 08:01 3678782                    /home/pandit/.gradle/wrapper/dists/gradle-5.1.1-all/97z1ksx6lirer3kbvdnh7jtjg/gradle-5.1.1/lib/plugins/gradle-build-init-5.1.1.jar
7f5be9e74000-7f5be9e7a000 r--s 0002e000 08:01 3678776                    /home/pandit/.gradle/wrapper/dists/gradle-5.1.1-all/97z1ksx6lirer3kbvdnh7jtjg/gradle-5.1.1/lib/plugins/gradle-build-comparison-5.1.1.jar
7f5be9e7a000-7f5be9e7b000 r--s 00002000 08:01 3678805                    /home/pandit/.gradle/wrapper/dists/gradle-5.1.1-all/97z1ksx6lirer3kbvdnh7jtjg/gradle-5.1.1/lib/plugins/gradle-build-cache-http-5.1.1.jar
7f5be9e7b000-7f5be9e7d000 r--s 00009000 08:01 3678763                    /home/pandit/.gradle/wrapper/dists/gradle-5.1.1-all/97z1ksx6lirer3kbvdnh7jtjg/gradle-5.1.1/lib/plugins/gradle-antlr-5.1.1.jar
7f5be9e7d000-7f5be9e7e000 r--s 00005000 08:01 3678762                    /home/pandit/.gradle/wrapper/dists/gradle-5.1.1-all/97z1ksx6lirer3kbvdnh7jtjg/gradle-5.1.1/lib/plugins/gradle-announce-5.1.1.jar
7f5be9e7e000-7f5be9e81000 r--s 00016000 08:01 3678683                    /home/pandit/.gradle/wrapper/dists/gradle-5.1.1-all/97z1ksx6lirer3kbvdnh7jtjg/gradle-5.1.1/lib/gradle-kotlin-dsl-tooling-builders-1.1.1.jar
7f5be9e81000-7f5be9e83000 r--s 00006000 08:01 3678682                    /home/pandit/.gradle/wrapper/dists/gradle-5.1.1-all/97z1ksx6lirer3kbvdnh7jtjg/gradle-5.1.1/lib/gradle-kotlin-dsl-provider-plugins-1.1.1.jar
7f5be9e83000-7f5be9e84000 r--s 00000000 08:01 3678696                    /home/pandit/.gradle/wrapper/dists/gradle-5.1.1-all/97z1ksx6lirer3kbvdnh7jtjg/gradle-5.1.1/lib/gradle-runtime-api-info-5.1.1.jar
7f5be9e84000-7f5be9e89000 r--s 00040000 08:01 3678849                    /home/pandit/.gradle/wrapper/dists/gradle-5.1.1-all/97z1ksx6lirer3kbvdnh7jtjg/gradle-5.1.1/lib/plugins/jsch-0.1.54.jar
7f5be9e89000-7f5be9e8b000 r--s 00010000 08:01 3678865                    /home/pandit/.gradle/wrapper/dists/gradle-5.1.1-all/97z1ksx6lirer3kbvdnh7jtjg/gradle-5.1.1/lib/plugins/jzlib-1.1.3.jar
7f5be9e8b000-7f5be9eb0000 r--s 00265000 08:01 3678813                    /home/pandit/.gradle/wrapper/dists/gradle-5.1.1-all/97z1ksx6lirer3kbvdnh7jtjg/gradle-5.1.1/lib/plugins/org.eclipse.jgit-5.0.3.201809091024-r.jar
7f5be9eb0000-7f5be9eb2000 r--s 0000c000 08:01 3678799                    /home/pandit/.gradle/wrapper/dists/gradle-5.1.1-all/97z1ksx6lirer3kbvdnh7jtjg/gradle-5.1.1/lib/plugins/gradle-version-control-5.1.1.jar
7f5be9eb2000-7f5be9ecb000 r--s 0013a000 08:01 3678848                    /home/pandit/.gradle/wrapper/dists/gradle-5.1.1-all/97z1ksx6lirer3kbvdnh7jtjg/gradle-5.1.1/lib/plugins/xercesImpl-2.12.0.jar
7f5be9ecb000-7f5be9ecd000 r--s 0001d000 08:01 3678847                    /home/pandit/.gradle/wrapper/dists/gradle-5.1.1-all/97z1ksx6lirer3kbvdnh7jtjg/gradle-5.1.1/lib/plugins/nekohtml-1.9.22.jar
7f5be9ecd000-7f5be9ed3000 r--s 0005b000 08:01 3678846                    /home/pandit/.gradle/wrapper/dists/gradle-5.1.1-all/97z1ksx6lirer3kbvdnh7jtjg/gradle-5.1.1/lib/plugins/jcifs-1.3.17.jar
7f5be9ed3000-7f5be9eda000 r--s 0004b000 08:01 3678822                    /home/pandit/.gradle/wrapper/dists/gradle-5.1.1-all/97z1ksx6lirer3kbvdnh7jtjg/gradle-5.1.1/lib/plugins/commons-codec-1.11.jar
7f5be9eda000-7f5be9ee1000 r--s 00049000 08:01 3678863                    /home/pandit/.gradle/wrapper/dists/gradle-5.1.1-all/97z1ksx6lirer3kbvdnh7jtjg/gradle-5.1.1/lib/plugins/httpcore-4.4.10.jar
7f5be9ee1000-7f5be9eee000 r--s 000af000 08:01 3678821                    /home/pandit/.gradle/wrapper/dists/gradle-5.1.1-all/97z1ksx6lirer3kbvdnh7jtjg/gradle-5.1.1/lib/plugins/httpclient-4.5.6.jar
7f5be9eee000-7f5be9ef0000 r--s 0000e000 08:01 3678806                    /home/pandit/.gradle/wrapper/dists/gradle-5.1.1-all/97z1ksx6lirer3kbvdnh7jtjg/gradle-5.1.1/lib/plugins/gradle-resources-http-5.1.1.jar
7f5be9ef0000-7f5be9ef3000 r--s 0000c000 08:01 3678798                    /home/pandit/.gradle/wrapper/dists/gradle-5.1.1-all/97z1ksx6lirer3kbvdnh7jtjg/gradle-5.1.1/lib/plugins/gradle-plugin-use-5.1.1.jar
7f5be9ef3000-7f5be9ef6000 r--s 0000d000 08:01 3678801                    /home/pandit/.gradle/wrapper/dists/gradle-5.1.1-all/97z1ksx6lirer3kbvdnh7jtjg/gradle-5.1.1/lib/plugins/gradle-composite-builds-5.1.1.jar
7f5be9ef6000-7f5be9ef7000 r--s 00000000 08:01 3678699                    /home/pandit/.gradle/wrapper/dists/gradle-5.1.1-all/97z1ksx6lirer3kbvdnh7jtjg/gradle-5.1.1/lib/gradle-installation-beacon-5.1.1.jar
7f5be9ef7000-7f5be9ef9000 r--s 00006000 08:01 3678869                    /home/pandit/.gradle/wrapper/dists/gradle-5.1.1-all/97z1ksx6lirer3kbvdnh7jtjg/gradle-5.1.1/lib/plugins/maven-repository-metadata-3.0.4.jar
7f5be9ef9000-7f5be9efb000 r--s 0000c000 08:01 3678857                    /home/pandit/.gradle/wrapper/dists/gradle-5.1.1-all/97z1ksx6lirer3kbvdnh7jtjg/gradle-5.1.1/lib/plugins/maven-aether-provider-3.0.4.jar
7f5be9efb000-7f5be9efc000 r--s 00003000 08:01 3678859                    /home/pandit/.gradle/wrapper/dists/gradle-5.1.1-all/97z1ksx6lirer3kbvdnh7jtjg/gradle-5.1.1/lib/plugins/aether-spi-1.13.1.jar
7f5be9efc000-7f5be9eff000 r--s 0001d000 08:01 3678858                    /home/pandit/.gradle/wrapper/dists/gradle-5.1.1-all/97z1ksx6lirer3kbvdnh7jtjg/gradle-5.1.1/lib/plugins/aether-impl-1.13.1.jar
7f5be9eff000-7f5be9f03000 r--s 0001c000 08:01 3678860                    /home/pandit/.gradle/wrapper/dists/gradle-5.1.1-all/97z1ksx6lirer3kbvdnh7jtjg/gradle-5.1.1/lib/plugins/aether-util-1.13.1.jar
7f5be9f03000-7f5be9f06000 r--s 00013000 08:01 3678861                    /home/pandit/.gradle/wrapper/dists/gradle-5.1.1-all/97z1ksx6lirer3kbvdnh7jtjg/gradle-5.1.1/lib/plugins/aether-api-1.13.1.jar
7f5be9f06000-7f5be9f08000 r--s 0000b000 08:01 3678866                    /home/pandit/.gradle/wrapper/dists/gradle-5.1.1-all/97z1ksx6lirer3kbvdnh7jtjg/gradle-5.1.1/lib/plugins/maven-artifact-3.0.4.jar
7f5be9f08000-7f5be9f0c000 r--s 00021000 08:01 3678867                    /home/pandit/.gradle/wrapper/dists/gradle-5.1.1-all/97z1ksx6lirer3kbvdnh7jtjg/gradle-5.1.1/lib/plugins/maven-model-builder-3.0.4.jar
7f5be9f0c000-7f5be9f0e000 r--s 00026000 08:01 3678868                    /home/pandit/.gradle/wrapper/dists/gradle-5.1.1-all/97z1ksx6lirer3kbvdnh7jtjg/gradle-5.1.1/lib/plugins/maven-model-3.0.4.jar
7f5be9f0e000-7f5be9f10000 r--s 0000a000 08:01 3678871                    /home/pandit/.gradle/wrapper/dists/gradle-5.1.1-all/97z1ksx6lirer3kbvdnh7jtjg/gradle-5.1.1/lib/plugins/maven-settings-3.0.4.jar
7f5be9f10000-7f5be9f12000 r--s 00002000 08:01 3678873                    /home/pandit/.gradle/wrapper/dists/gradle-5.1.1-all/97z1ksx6lirer3kbvdnh7jtjg/gradle-5.1.1/lib/plugins/plexus-cipher-1.7.jar
7f5be9f12000-7f5be9f14000 r--s 00000000 08:01 3678875                    /home/pandit/.gradle/wrapper/dists/gradle-5.1.1-all/97z1ksx6lirer3kbvdnh7jtjg/gradle-5.1.1/lib/plugins/plexus-component-annotations-1.5.5.jar
7f5be9f14000-7f5be9f18000 r--s 0003c000 08:01 3678878                    /home/pandit/.gradle/wrapper/dists/gradle-5.1.1-all/97z1ksx6lirer3kbvdnh7jtjg/gradle-5.1.1/lib/plugins/plexus-utils-3.1.0.jar
7f5be9f18000-7f5be9f2d000 r--s 00116000 08:01 3678826                    /home/pandit/.gradle/wrapper/dists/gradle-5.1.1-all/97z1ksx6lirer3kbvdnh7jtjg/gradle-5.1.1/lib/plugins/ivy-2.3.0.jar
7f5be9f2d000-7f5be9f85000 r--s 003a7000 08:01 3678856                    /home/pandit/.gradle/wrapper/dists/gradle-5.1.1-all/97z1ksx6lirer3kbvdnh7jtjg/gradle-5.1.1/lib/plugins/bcprov-jdk15on-1.60.jar
7f5be9f85000-7f5be9fb7000 r--s 001a9000 08:01 3678800                    /home/pandit/.gradle/wrapper/dists/gradle-5.1.1-all/97z1ksx6lirer3kbvdnh7jtjg/gradle-5.1.1/lib/plugins/gradle-dependency-management-5.1.1.jar
7f5be9fb7000-7f5be9fce000 r-xp 00000000 08:01 4063308                    /lib/x86_64-linux-gnu/libgcc_s.so.1
7f5be9fce000-7f5bea1cd000 ---p 00017000 08:01 4063308                    /lib/x86_64-linux-gnu/libgcc_s.so.1
7f5bea1cd000-7f5bea1ce000 r--p 00016000 08:01 4063308                    /lib/x86_64-linux-gnu/libgcc_s.so.1
7f5bea1ce000-7f5bea1cf000 rw-p 00017000 08:01 4063308                    /lib/x86_64-linux-gnu/libgcc_s.so.1
7f5bea1cf000-7f5bea348000 r-xp 00000000 08:01 7607063                    /usr/lib/x86_64-linux-gnu/libstdc++.so.6.0.25
7f5bea348000-7f5bea548000 ---p 00179000 08:01 7607063                    /usr/lib/x86_64-linux-gnu/libstdc++.so.6.0.25
7f5bea548000-7f5bea552000 r--p 00179000 08:01 7607063                    /usr/lib/x86_64-linux-gnu/libstdc++.so.6.0.25
7f5bea552000-7f5bea554000 rw-p 00183000 08:01 7607063                    /usr/lib/x86_64-linux-gnu/libstdc++.so.6.0.25
7f5bea554000-7f5bea558000 rw-p 00000000 00:00 0 
7f5bea558000-7f5bea559000 r--s 00006000 08:01 3678872                    /home/pandit/.gradle/wrapper/dists/gradle-5.1.1-all/97z1ksx6lirer3kbvdnh7jtjg/gradle-5.1.1/lib/plugins/plexus-sec-dispatcher-1.3.jar
7f5bea559000-7f5bea55b000 r--s 0000d000 08:01 3678876                    /home/pandit/.gradle/wrapper/dists/gradle-5.1.1-all/97z1ksx6lirer3kbvdnh7jtjg/gradle-5.1.1/lib/plugins/plexus-interpolation-1.14.jar
7f5bea55b000-7f5bea55e000 r--s 00008000 08:01 3678870                    /home/pandit/.gradle/wrapper/dists/gradle-5.1.1-all/97z1ksx6lirer3kbvdnh7jtjg/gradle-5.1.1/lib/plugins/maven-settings-builder-3.0.4.jar
7f5bea55e000-7f5bea56a000 r--s 0007d000 08:01 3678828                    /home/pandit/.gradle/wrapper/dists/gradle-5.1.1-all/97z1ksx6lirer3kbvdnh7jtjg/gradle-5.1.1/lib/plugins/maven-core-3.0.4.jar
7f5bea56a000-7f5bea56f000 r--s 00036000 08:01 3678836                    /home/pandit/.gradle/wrapper/dists/gradle-5.1.1-all/97z1ksx6lirer3kbvdnh7jtjg/gradle-5.1.1/lib/plugins/gson-2.8.5.jar
7f5bea56f000-7f5bea570000 r--s 00013000 08:01 3678823                    /home/pandit/.gradle/wrapper/dists/gradle-5.1.1-all/97z1ksx6lirer3kbvdnh7jtjg/gradle-5.1.1/lib/plugins/asm-util-7.0.jar
7f5bea570000-7f5bea572000 r--s 0000f000 08:01 3678809                    /home/pandit/.gradle/wrapper/dists/gradle-5.1.1-all/97z1ksx6lirer3kbvdnh7jtjg/gradle-5.1.1/lib/plugins/gradle-workers-5.1.1.jar
7f5bea572000-7f5bea577000 r-xp 00000000 08:01 3679784                    /home/pandit/.gradle/native/25/linux-amd64/libnative-platform.so
7f5bea577000-7f5bea776000 ---p 00005000 08:01 3679784                    /home/pandit/.gradle/native/25/linux-amd64/libnative-platform.so
7f5bea776000-7f5bea777000 rw-p 00004000 08:01 3679784                    /home/pandit/.gradle/native/25/linux-amd64/libnative-platform.so
7f5bea777000-7f5bea787000 r-xp 00000000 08:01 3809392                    /home/pandit/Downloads/android-studio/jre/jre/lib/amd64/libnio.so
7f5bea787000-7f5bea788000 rw-p 00010000 08:01 3809392                    /home/pandit/Downloads/android-studio/jre/jre/lib/amd64/libnio.so
7f5bea788000-7f5bea79e000 r-xp 00000000 08:01 3809371                    /home/pandit/Downloads/android-studio/jre/jre/lib/amd64/libnet.so
7f5bea79e000-7f5bea79f000 rw-p 00016000 08:01 3809371                    /home/pandit/Downloads/android-studio/jre/jre/lib/amd64/libnet.so
7f5bea79f000-7f5bea7a0000 r--s 00006000 08:01 3678698                    /home/pandit/.gradle/wrapper/dists/gradle-5.1.1-all/97z1ksx6lirer3kbvdnh7jtjg/gradle-5.1.1/lib/gradle-wrapper-5.1.1.jar
7f5bea7a0000-7f5bea7af000 r--s 0004b000 08:01 3678697                    /home/pandit/.gradle/wrapper/dists/gradle-5.1.1-all/97z1ksx6lirer3kbvdnh7jtjg/gradle-5.1.1/lib/gradle-tooling-api-5.1.1.jar
7f5bea7af000-7f5bea7be000 r--s 00231000 08:01 3678693                    /home/pandit/.gradle/wrapper/dists/gradle-5.1.1-all/97z1ksx6lirer3kbvdnh7jtjg/gradle-5.1.1/lib/kotlinx-metadata-jvm-0.0.4.jar
7f5bea7be000-7f5bea7c0000 r--s 00002000 08:01 3678692                    /home/pandit/.gradle/wrapper/dists/gradle-5.1.1-all/97z1ksx6lirer3kbvdnh7jtjg/gradle-5.1.1/lib/kotlin-stdlib-jdk8-1.3.11.jar
7f5bea7c0000-7f5bea7c1000 r--s 00000000 08:01 3678691                    /home/pandit/.gradle/wrapper/dists/gradle-5.1.1-all/97z1ksx6lirer3kbvdnh7jtjg/gradle-5.1.1/lib/kotlin-stdlib-jdk7-1.3.11.jar
7f5bea7c1000-7f5bea7c8000 r--s 0001e000 08:01 3678690                    /home/pandit/.gradle/wrapper/dists/gradle-5.1.1-all/97z1ksx6lirer3kbvdnh7jtjg/gradle-5.1.1/lib/kotlin-stdlib-common-1.3.11.jar
7f5bea7c8000-7f5bea7db000 r--s 0010e000 08:01 3678689                    /home/pandit/.gradle/wrapper/dists/gradle-5.1.1-all/97z1ksx6lirer3kbvdnh7jtjg/gradle-5.1.1/lib/kotlin-stdlib-1.3.11.jar
7f5bea7db000-7f5bea7dd000 r--s 00009000 08:01 3678688                    /home/pandit/.gradle/wrapper/dists/gradle-5.1.1-all/97z1ksx6lirer3kbvdnh7jtjg/gradle-5.1.1/lib/kotlin-script-runtime-1.3.11.jar
7f5bea7dd000-7f5bea7de000 r--s 00002000 08:01 3678687                    /home/pandit/.gradle/wrapper/dists/gradle-5.1.1-all/97z1ksx6lirer3kbvdnh7jtjg/gradle-5.1.1/lib/kotlin-sam-with-receiver-compiler-plugin-1.3.11.jar
7f5bea7de000-7f5bea814000 r--s 00250000 08:01 3678686                    /home/pandit/.gradle/wrapper/dists/gradle-5.1.1-all/97z1ksx6lirer3kbvdnh7jtjg/gradle-5.1.1/lib/kotlin-reflect-1.3.11.jar
7f5bea814000-7f5bea9ed000 r--s 01b06000 08:01 3678685                    /home/pandit/.gradle/wrapper/dists/gradle-5.1.1-all/97z1ksx6lirer3kbvdnh7jtjg/gradle-5.1.1/lib/kotlin-compiler-embeddable-1.3.11.jar
7f5bea9ed000-7f5bea9ee000 r--s 00001000 08:01 3678684                    /home/pandit/.gradle/wrapper/dists/gradle-5.1.1-all/97z1ksx6lirer3kbvdnh7jtjg/gradle-5.1.1/lib/gradle-kotlin-dsl-tooling-models-1.1.1.jar
7f5bea9ee000-7f5bea9f0000 r--s 00003000 08:01 3678680                    /home/pandit/.gradle/wrapper/dists/gradle-5.1.1-all/97z1ksx6lirer3kbvdnh7jtjg/gradle-5.1.1/lib/annotations-13.0.jar
7f5bea9f0000-7f5beaa0a000 r--s 0014e000 08:01 3678681                    /home/pandit/.gradle/wrapper/dists/gradle-5.1.1-all/97z1ksx6lirer3kbvdnh7jtjg/gradle-5.1.1/lib/gradle-kotlin-dsl-1.1.1.jar
7f5beaa0a000-7f5beaa0c000 r--s 00007000 08:01 3678703                    /home/pandit/.gradle/wrapper/dists/gradle-5.1.1-all/97z1ksx6lirer3kbvdnh7jtjg/gradle-5.1.1/lib/gradle-build-cache-packaging-5.1.1.jar
7f5beaa0c000-7f5beaa0f000 r--s 00010000 08:01 3678702                    /home/pandit/.gradle/wrapper/dists/gradle-5.1.1-all/97z1ksx6lirer3kbvdnh7jtjg/gradle-5.1.1/lib/gradle-execution-5.1.1.jar
7f5beaa0f000-7f5beaa13000 r--s 0001a000 08:01 3678705                    /home/pandit/.gradle/wrapper/dists/gradle-5.1.1-all/97z1ksx6lirer3kbvdnh7jtjg/gradle-5.1.1/lib/gradle-files-5.1.1.jar
7f5beaa13000-7f5beaa18000 r--s 00022000 08:01 3678704                    /home/pandit/.gradle/wrapper/dists/gradle-5.1.1-all/97z1ksx6lirer3kbvdnh7jtjg/gradle-5.1.1/lib/gradle-snapshots-5.1.1.jar
7f5beaa18000-7f5beaa19000 r--s 00003000 08:01 3678718                    /home/pandit/.gradle/wrapper/dists/gradle-5.1.1-all/97z1ksx6lirer3kbvdnh7jtjg/gradle-5.1.1/lib/gradle-build-option-5.1.1.jar
7f5beaa19000-7f5beaa1b000 r--s 00005000 08:01 3678719                    /home/pandit/.gradle/wrapper/dists/gradle-5.1.1-all/97z1ksx6lirer3kbvdnh7jtjg/gradle-5.1.1/lib/gradle-cli-5.1.1.jar
7f5beaa1b000-7f5beaa1d000 r--s 00004000 08:01 3678729                    /home/pandit/.gradle/wrapper/dists/gradle-5.1.1-all/97z1ksx6lirer3kbvdnh7jtjg/gradle-5.1.1/lib/log4j-over-slf4j-1.7.25.jar
7f5beaa1d000-7f5beaa1f000 r--s 00000000 08:01 3678728                    /home/pandit/.gradle/wrapper/dists/gradle-5.1.1-all/97z1ksx6lirer3kbvdnh7jtjg/gradle-5.1.1/lib/jul-to-slf4j-1.7.25.jar
7f5beaa1f000-7f5beaa21000 r--s 00003000 08:01 3678727                    /home/pandit/.gradle/wrapper/dists/gradle-5.1.1-all/97z1ksx6lirer3kbvdnh7jtjg/gradle-5.1.1/lib/jcl-over-slf4j-1.7.25.jar
7f5beaa21000-7f5beaa29000 r--s 00035000 08:01 3678711                    /home/pandit/.gradle/wrapper/dists/gradle-5.1.1-all/97z1ksx6lirer3kbvdnh7jtjg/gradle-5.1.1/lib/gradle-logging-5.1.1.jar
7f5beaa29000-7f5beaa2e000 r--s 00015000 08:01 3678713                    /home/pandit/.gradle/wrapper/dists/gradle-5.1.1-all/97z1ksx6lirer3kbvdnh7jtjg/gradle-5.1.1/lib/gradle-resources-5.1.1.jar
7f5beaa2e000-7f5beaa35000 r--s 00036000 08:01 3678710                    /home/pandit/.gradle/wrapper/dists/gradle-5.1.1-all/97z1ksx6lirer3kbvdnh7jtjg/gradle-5.1.1/lib/gradle-persistent-cache-5.1.1.jar
7f5beaa35000-7f5beaa3a000 r--s 00014000 08:01 3678709                    /home/pandit/.gradle/wrapper/dists/gradle-5.1.1-all/97z1ksx6lirer3kbvdnh7jtjg/gradle-5.1.1/lib/gradle-build-cache-5.1.1.jar
7f5beaa3a000-7f5beaa4b000 r--s 00092000 08:01 3678707                    /home/pandit/.gradle/wrapper/dists/gradle-5.1.1-all/97z1ksx6lirer3kbvdnh7jtjg/gradle-5.1.1/lib/gradle-model-core-5.1.1.jar
7f5beaa4b000-7f5beaa4d000 r--s 0000d000 08:01 3678715                    /home/pandit/.gradle/wrapper/dists/gradle-5.1.1-all/97z1ksx6lirer3kbvdnh7jtjg/gradle-5.1.1/lib/gradle-base-services-groovy-5.1.1.jar
7f5beaa4d000-7f5beaa4f000 r--s 00007000 08:01 3678706                    /home/pandit/.gradle/wrapper/dists/gradle-5.1.1-all/97z1ksx6lirer3kbvdnh7jtjg/gradle-5.1.1/lib/gradle-model-groovy-5.1.1.jar
7f5beaa4f000-7f5beaa51000 r--s 00006000 08:01 3678720                    /home/pandit/.gradle/wrapper/dists/gradle-5.1.1-all/97z1ksx6lirer3kbvdnh7jtjg/gradle-5.1.1/lib/gradle-docs-5.1.1.jar
7f5beaa51000-7f5beaa5a000 r--s 0002d000 08:01 3678741                    /home/pandit/.gradle/wrapper/dists/gradle-5.1.1-all/97z1ksx6lirer3kbvdnh7jtjg/gradle-5.1.1/lib/xml-apis-1.4.01.jar
7f5beaa5a000-7f5beaa5b000 r--s 00000000 08:01 3678737                    /home/pandit/.gradle/wrapper/dists/gradle-5.1.1-all/97z1ksx6lirer3kbvdnh7jtjg/gradle-5.1.1/lib/javax.inject-1.jar
7f5beaa5b000-7f5beaae0000 r--s 007a7000 08:01 3678735                    /home/pandit/.gradle/wrapper/dists/gradle-5.1.1-all/97z1ksx6lirer3kbvdnh7jtjg/gradle-5.1.1/lib/groovy-all-1.0-2.5.4.jar
7f5beaae0000-7f5beaaeb000 r--s 00086000 08:01 3678740                    /home/pandit/.gradle/wrapper/dists/gradle-5.1.1-all/97z1ksx6lirer3kbvdnh7jtjg/gradle-5.1.1/lib/commons-compress-1.18.jar
7f5beaaeb000-7f5beaaf8000 r--s 00083000 08:01 3678738                    /home/pandit/.gradle/wrapper/dists/gradle-5.1.1-all/97z1ksx6lirer3kbvdnh7jtjg/gradle-5.1.1/lib/commons-collections-3.2.2.jar
7f5beaaf8000-7f5beaafa000 r--s 00007000 08:01 3678722                    /home/pandit/.gradle/wrapper/dists/gradle-5.1.1-all/97z1ksx6lirer3kbvdnh7jtjg/gradle-5.1.1/lib/asm-analysis-7.0.jar
7f5beaafa000-7f5beaafc000 r--s 0000b000 08:01 3678723                    /home/pandit/.gradle/wrapper/dists/gradle-5.1.1-all/97z1ksx6lirer3kbvdnh7jtjg/gradle-5.1.1/lib/asm-tree-7.0.jar
7f5beaafc000-7f5beaafe000 r--s 00012000 08:01 3678721                    /home/pandit/.gradle/wrapper/dists/gradle-5.1.1-all/97z1ksx6lirer3kbvdnh7jtjg/gradle-5.1.1/lib/asm-commons-7.0.jar
7f5beaafe000-7f5beaaff000 r--s 00004000 08:01 3678747                    /home/pandit/.gradle/wrapper/dists/gradle-5.1.1-all/97z1ksx6lirer3kbvdnh7jtjg/gradle-5.1.1/lib/native-platform-freebsd-amd64-libcpp-0.14.jar
7f5beaaff000-7f5beab00000 r--s 00004000 08:01 3678748                    /home/pandit/.gradle/wrapper/dists/gradle-5.1.1-all/97z1ksx6lirer3kbvdnh7jtjg/gradle-5.1.1/lib/native-platform-freebsd-amd64-libstdcpp-0.14.jar
7f5beab00000-7f5beab01000 r--s 00004000 08:01 3678749                    /home/pandit/.gradle/wrapper/dists/gradle-5.1.1-all/97z1ksx6lirer3kbvdnh7jtjg/gradle-5.1.1/lib/native-platform-freebsd-i386-libcpp-0.14.jar
7f5beab01000-7f5beab02000 r--s 00003000 08:01 3678750                    /home/pandit/.gradle/wrapper/dists/gradle-5.1.1-all/97z1ksx6lirer3kbvdnh7jtjg/gradle-5.1.1/lib/native-platform-freebsd-i386-libstdcpp-0.14.jar
7f5beab02000-7f5beab03000 r--s 00002000 08:01 3678751                    /home/pandit/.gradle/wrapper/dists/gradle-5.1.1-all/97z1ksx6lirer3kbvdnh7jtjg/gradle-5.1.1/lib/native-platform-linux-amd64-0.14.jar
7f5beab03000-7f5beab04000 r--s 00002000 08:01 3678752                    /home/pandit/.gradle/wrapper/dists/gradle-5.1.1-all/97z1ksx6lirer3kbvdnh7jtjg/gradle-5.1.1/lib/native-platform-linux-i386-0.14.jar
7f5beab04000-7f5beab06000 r--s 00002000 08:01 3678753                    /home/pandit/.gradle/wrapper/dists/gradle-5.1.1-all/97z1ksx6lirer3kbvdnh7jtjg/gradle-5.1.1/lib/native-platform-osx-amd64-0.14.jar
7f5beab06000-7f5beab07000 r--s 00003000 08:01 3678754                    /home/pandit/.gradle/wrapper/dists/gradle-5.1.1-all/97z1ksx6lirer3kbvdnh7jtjg/gradle-5.1.1/lib/native-platform-osx-i386-0.14.jar
7f5beab07000-7f5beab09000 r--s 0000b000 08:01 3678755                    /home/pandit/.gradle/wrapper/dists/gradle-5.1.1-all/97z1ksx6lirer3kbvdnh7jtjg/gradle-5.1.1/lib/native-platform-windows-amd64-0.14.jar
7f5beab09000-7f5beab0a000 r--s 0000b000 08:01 3678756                    /home/pandit/.gradle/wrapper/dists/gradle-5.1.1-all/97z1ksx6lirer3kbvdnh7jtjg/gradle-5.1.1/lib/native-platform-windows-i386-0.14.jar
7f5beab0a000-7f5beab0b000 r--s 00001000 08:01 3678757                    /home/pandit/.gradle/wrapper/dists/gradle-5.1.1-all/97z1ksx6lirer3kbvdnh7jtjg/gradle-5.1.1/lib/native-platform-linux-amd64-ncurses5-0.14.jar
7f5beab0b000-7f5beab0c000 r--s 00001000 08:01 3678758                    /home/pandit/.gradle/wrapper/dists/gradle-5.1.1-all/97z1ksx6lirer3kbvdnh7jtjg/gradle-5.1.1/lib/native-platform-linux-amd64-ncurses6-0.14.jar
7f5beab0c000-7f5beab0d000 r--s 00001000 08:01 3678759                    /home/pandit/.gradle/wrapper/dists/gradle-5.1.1-all/97z1ksx6lirer3kbvdnh7jtjg/gradle-5.1.1/lib/native-platform-linux-i386-ncurses5-0.14.jar
7f5beab0d000-7f5beab11000 r--s 00012000 08:01 3678739                    /home/pandit/.gradle/wrapper/dists/gradle-5.1.1-all/97z1ksx6lirer3kbvdnh7jtjg/gradle-5.1.1/lib/native-platform-0.14.jar
7f5beab11000-7f5beab15000 r--s 00042000 08:01 3678742                    /home/pandit/.gradle/wrapper/dists/gradle-5.1.1-all/97z1ksx6lirer3kbvdnh7jtjg/gradle-5.1.1/lib/jansi-1.17.1.jar
7f5beab15000-7f5beab18000 r--s 0000c000 08:01 3678714                    /home/pandit/.gradle/wrapper/dists/gradle-5.1.1-all/97z1ksx6lirer3kbvdnh7jtjg/gradle-5.1.1/lib/gradle-native-5.1.1.jar
7f5beab18000-7f5beab1a000 r--s 0000c000 08:01 3678744                    /home/pandit/.gradle/wrapper/dists/gradle-5.1.1-all/97z1ksx6lirer3kbvdnh7jtjg/gradle-5.1.1/lib/objenesis-2.6.jar
7f5beab1a000-7f5beab1c000 r--s 00000000 08:01 3678746                    /home/pandit/.gradle/wrapper/dists/gradle-5.1.1-all/97z1ksx6lirer3kbvdnh7jtjg/gradle-5.1.1/lib/minlog-1.2.jar
7f5beab1c000-7f5beab22000 r--s 0004d000 08:01 3678743                    /home/pandit/.gradle/wrapper/dists/gradle-5.1.1-all/97z1ksx6lirer3kbvdnh7jtjg/gradle-5.1.1/lib/kryo-2.24.0.jar
7f5beab22000-7f5beab29000 r--s 00030000 08:01 3678716                    /home/pandit/.gradle/wrapper/dists/gradle-5.1.1-all/97z1ksx6lirer3kbvdnh7jtjg/gradle-5.1.1/lib/gradle-messaging-5.1.1.jar
7f5beab29000-7f5beab2b000 r--s 00006000 08:01 3678712                    /home/pandit/.gradle/wrapper/dists/gradle-5.1.1-all/97z1ksx6lirer3kbvdnh7jtjg/gradle-5.1.1/lib/gradle-process-services-5.1.1.jar
7f5beab2b000-7f5beab2d000 r--s 00000000 08:01 3678701                    /home/pandit/.gradle/wrapper/dists/gradle-5.1.1-all/97z1ksx6lirer3kbvdnh7jtjg/gradle-5.1.1/lib/gradle-jvm-services-5.1.1.jar
7f5beab2d000-7f5beab5d000 r--s 0024b000 08:01 3678731                    /home/pandit/.gradle/wrapper/dists/gradle-5.1.1-all/97z1ksx6lirer3kbvdnh7jtjg/gradle-5.1.1/lib/guava-26.0-android.jar
7f5beab5d000-7f5beab60000 r--s 0001c000 08:01 3678733                    /home/pandit/.gradle/wrapper/dists/gradle-5.1.1-all/97z1ksx6lirer3kbvdnh7jtjg/gradle-5.1.1/lib/fastutil-8.2.1-min.jar
7f5beab60000-7f5beab65000 r--s 00041000 08:01 3678726                    /home/pandit/.gradle/wrapper/dists/gradle-5.1.1-all/97z1ksx6lirer3kbvdnh7jtjg/gradle-5.1.1/lib/commons-lang-2.6.jar
7f5beab65000-7f5beab84000 r--s 001da000 08:01 3678736                    /home/pandit/.gradle/wrapper/dists/gradle-5.1.1-all/97z1ksx6lirer3kbvdnh7jtjg/gradle-5.1.1/lib/ant-1.9.13.jar
7f5beab84000-7f5beabc1000 r--s 0020d000 08:01 3678700                    /home/pandit/.gradle/wrapper/dists/gradle-5.1.1-all/97z1ksx6lirer3kbvdnh7jtjg/gradle-5.1.1/lib/gradle-core-5.1.1.jar
7f5beabc1000-7f5beabcf000 r--s 0003c000 08:01 3678708                    /home/pandit/.gradle/wrapper/dists/gradle-5.1.1-all/97z1ksx6lirer3kbvdnh7jtjg/gradle-5.1.1/lib/gradle-core-api-5.1.1.jar
7f5beabcf000-7f5beabd0000 ---p 00000000 00:00 0 
7f5beabd0000-7f5beacd0000 rw-p 00000000 00:00 0 
7f5beacd0000-7f5beacd3000 ---p 00000000 00:00 0 
7f5beacd3000-7f5beadd1000 rw-p 00000000 00:00 0 
7f5beadd1000-7f5beadd2000 ---p 00000000 00:00 0 
7f5beadd2000-7f5beadd5000 ---p 00000000 00:00 0 
7f5beadd5000-7f5beaed2000 rw-p 00000000 00:00 0 
7f5beaed2000-7f5beaed3000 ---p 00000000 00:00 0 
7f5beaed3000-7f5beaed6000 ---p 00000000 00:00 0 
7f5beaed6000-7f5beafd3000 rw-p 00000000 00:00 0 
7f5beafd3000-7f5beafd4000 ---p 00000000 00:00 0 
7f5beafd4000-7f5beafd7000 ---p 00000000 00:00 0 
7f5beafd7000-7f5beb0d4000 rw-p 00000000 00:00 0 
7f5beb0d4000-7f5beb0d7000 ---p 00000000 00:00 0 
7f5beb0d7000-7f5beb1d5000 rw-p 00000000 00:00 0 
7f5beb1d5000-7f5beb4b3000 r--p 00000000 08:01 7608682                    /usr/lib/locale/locale-archive
7f5beb4b3000-7f5beb4b6000 ---p 00000000 00:00 0 
7f5beb4b6000-7f5beb5b4000 rw-p 00000000 00:00 0 
7f5beb5b4000-7f5beb5b7000 ---p 00000000 00:00 0 
7f5beb5b7000-7f5beb6b5000 rw-p 00000000 00:00 0 
7f5beb6b5000-7f5beb6b6000 ---p 00000000 00:00 0 
7f5beb6b6000-7f5bec000000 rw-p 00000000 00:00 0 
7f5bec000000-7f5bec021000 rw-p 00000000 00:00 0 
7f5bec021000-7f5bf0000000 ---p 00000000 00:00 0 
7f5bf0000000-7f5bf0021000 rw-p 00000000 00:00 0 
7f5bf0021000-7f5bf4000000 ---p 00000000 00:00 0 
7f5bf4000000-7f5bf4021000 rw-p 00000000 00:00 0 
7f5bf4021000-7f5bf8000000 ---p 00000000 00:00 0 
7f5bf8000000-7f5bf8002000 r--s 00003000 08:01 3678732                    /home/pandit/.gradle/wrapper/dists/gradle-5.1.1-all/97z1ksx6lirer3kbvdnh7jtjg/gradle-5.1.1/lib/jsr305-3.0.2.jar
7f5bf8002000-7f5bf8799000 rw-p 00000000 00:00 0 
7f5bf8799000-7f5bf896a000 r--s 03c8a000 08:01 3809408                    /home/pandit/Downloads/android-studio/jre/jre/lib/rt.jar
7f5bf896a000-7f5bfc53b000 rw-p 00000000 00:00 0 
7f5bfc53b000-7f5bfc53c000 ---p 00000000 00:00 0 
7f5bfc53c000-7f5bfc63c000 rw-p 00000000 00:00 0 
7f5bfc63c000-7f5bfc63d000 ---p 00000000 00:00 0 
7f5bfc63d000-7f5bfc73d000 rw-p 00000000 00:00 0 
7f5bfc73d000-7f5bfc73e000 ---p 00000000 00:00 0 
7f5bfc73e000-7f5bfc83e000 rw-p 00000000 00:00 0 
7f5bfc83e000-7f5bfc83f000 ---p 00000000 00:00 0 
7f5bfc83f000-7f5bfc949000 rw-p 00000000 00:00 0 
7f5bfc949000-7f5bfcb3f000 ---p 00000000 00:00 0 
7f5bfcb3f000-7f5bfcb65000 rw-p 00000000 00:00 0 
7f5bfcb65000-7f5bfcc3f000 ---p 00000000 00:00 0 
7f5bfcc3f000-7f5bfcc54000 rw-p 00000000 00:00 0 
7f5bfcc54000-7f5bfd000000 ---p 00000000 00:00 0 
7f5bfd000000-7f5bfd4f0000 rwxp 00000000 00:00 0 
7f5bfd4f0000-7f5c0c000000 ---p 00000000 00:00 0 
7f5c0c000000-7f5c0cf06000 rw-p 00000000 00:00 0 
7f5c0cf06000-7f5c10000000 ---p 00000000 00:00 0 
7f5c10000000-7f5c10001000 r--s 00001000 08:01 3678760                    /home/pandit/.gradle/wrapper/dists/gradle-5.1.1-all/97z1ksx6lirer3kbvdnh7jtjg/gradle-5.1.1/lib/native-platform-linux-i386-ncurses6-0.14.jar
7f5c10001000-7f5c10002000 r--s 00000000 08:01 3678734                    /home/pandit/.gradle/wrapper/dists/gradle-5.1.1-all/97z1ksx6lirer3kbvdnh7jtjg/gradle-5.1.1/lib/jcip-annotations-1.0.jar
7f5c10002000-7f5c10006000 r--s 00031000 08:01 3678725                    /home/pandit/.gradle/wrapper/dists/gradle-5.1.1-all/97z1ksx6lirer3kbvdnh7jtjg/gradle-5.1.1/lib/commons-io-2.6.jar
7f5c10006000-7f5c10008000 r--s 0001a000 08:01 3678724                    /home/pandit/.gradle/wrapper/dists/gradle-5.1.1-all/97z1ksx6lirer3kbvdnh7jtjg/gradle-5.1.1/lib/asm-7.0.jar
7f5c10008000-7f5c10012000 rw-p 00000000 00:00 0 
7f5c10012000-7f5c10208000 ---p 00000000 00:00 0 
7f5c10208000-7f5c10213000 r-xp 00000000 08:01 4068090                    /lib/x86_64-linux-gnu/libnss_files-2.27.so
7f5c10213000-7f5c10412000 ---p 0000b000 08:01 4068090                    /lib/x86_64-linux-gnu/libnss_files-2.27.so
7f5c10412000-7f5c10413000 r--p 0000a000 08:01 4068090                    /lib/x86_64-linux-gnu/libnss_files-2.27.so
7f5c10413000-7f5c10414000 rw-p 0000b000 08:01 4068090                    /lib/x86_64-linux-gnu/libnss_files-2.27.so
7f5c10414000-7f5c1041a000 rw-p 00000000 00:00 0 
7f5c1041a000-7f5c10431000 r-xp 00000000 08:01 4068084                    /lib/x86_64-linux-gnu/libnsl-2.27.so
7f5c10431000-7f5c10630000 ---p 00017000 08:01 4068084                    /lib/x86_64-linux-gnu/libnsl-2.27.so
7f5c10630000-7f5c10631000 r--p 00016000 08:01 4068084                    /lib/x86_64-linux-gnu/libnsl-2.27.so
7f5c10631000-7f5c10632000 rw-p 00017000 08:01 4068084                    /lib/x86_64-linux-gnu/libnsl-2.27.so
7f5c10632000-7f5c10634000 rw-p 00000000 00:00 0 
7f5c10634000-7f5c1063f000 r-xp 00000000 08:01 4068101                    /lib/x86_64-linux-gnu/libnss_nis-2.27.so
7f5c1063f000-7f5c1083e000 ---p 0000b000 08:01 4068101                    /lib/x86_64-linux-gnu/libnss_nis-2.27.so
7f5c1083e000-7f5c1083f000 r--p 0000a000 08:01 4068101                    /lib/x86_64-linux-gnu/libnss_nis-2.27.so
7f5c1083f000-7f5c10840000 rw-p 0000b000 08:01 4068101                    /lib/x86_64-linux-gnu/libnss_nis-2.27.so
7f5c10840000-7f5c10848000 r-xp 00000000 08:01 4068086                    /lib/x86_64-linux-gnu/libnss_compat-2.27.so
7f5c10848000-7f5c10a48000 ---p 00008000 08:01 4068086                    /lib/x86_64-linux-gnu/libnss_compat-2.27.so
7f5c10a48000-7f5c10a49000 r--p 00008000 08:01 4068086                    /lib/x86_64-linux-gnu/libnss_compat-2.27.so
7f5c10a49000-7f5c10a4a000 rw-p 00009000 08:01 4068086                    /lib/x86_64-linux-gnu/libnss_compat-2.27.so
7f5c10a4a000-7f5c10a51000 r-xp 00000000 08:01 4068141                    /lib/x86_64-linux-gnu/librt-2.27.so
7f5c10a51000-7f5c10c50000 ---p 00007000 08:01 4068141                    /lib/x86_64-linux-gnu/librt-2.27.so
7f5c10c50000-7f5c10c51000 r--p 00006000 08:01 4068141                    /lib/x86_64-linux-gnu/librt-2.27.so
7f5c10c51000-7f5c10c52000 rw-p 00007000 08:01 4068141                    /lib/x86_64-linux-gnu/librt-2.27.so
7f5c10c52000-7f5c10def000 r-xp 00000000 08:01 4068063                    /lib/x86_64-linux-gnu/libm-2.27.so
7f5c10def000-7f5c10fee000 ---p 0019d000 08:01 4068063                    /lib/x86_64-linux-gnu/libm-2.27.so
7f5c10fee000-7f5c10fef000 r--p 0019c000 08:01 4068063                    /lib/x86_64-linux-gnu/libm-2.27.so
7f5c10fef000-7f5c10ff0000 rw-p 0019d000 08:01 4068063                    /lib/x86_64-linux-gnu/libm-2.27.so
7f5c10ff0000-7f5c11c08000 r-xp 00000000 08:01 3809385                    /home/pandit/Downloads/android-studio/jre/jre/lib/amd64/server/libjvm.so
7f5c11c08000-7f5c11cd7000 rw-p 00c18000 08:01 3809385                    /home/pandit/Downloads/android-studio/jre/jre/lib/amd64/server/libjvm.so
7f5c11cd7000-7f5c11d1c000 rw-p 00000000 00:00 0 
7f5c11d1c000-7f5c11f03000 r-xp 00000000 08:01 4068000                    /lib/x86_64-linux-gnu/libc-2.27.so
7f5c11f03000-7f5c12103000 ---p 001e7000 08:01 4068000                    /lib/x86_64-linux-gnu/libc-2.27.so
7f5c12103000-7f5c12107000 r--p 001e7000 08:01 4068000                    /lib/x86_64-linux-gnu/libc-2.27.so
7f5c12107000-7f5c12109000 rw-p 001eb000 08:01 4068000                    /lib/x86_64-linux-gnu/libc-2.27.so
7f5c12109000-7f5c1210d000 rw-p 00000000 00:00 0 
7f5c1210d000-7f5c12110000 r-xp 00000000 08:01 4068023                    /lib/x86_64-linux-gnu/libdl-2.27.so
7f5c12110000-7f5c1230f000 ---p 00003000 08:01 4068023                    /lib/x86_64-linux-gnu/libdl-2.27.so
7f5c1230f000-7f5c12310000 r--p 00002000 08:01 4068023                    /lib/x86_64-linux-gnu/libdl-2.27.so
7f5c12310000-7f5c12311000 rw-p 00003000 08:01 4068023                    /lib/x86_64-linux-gnu/libdl-2.27.so
7f5c12311000-7f5c1232b000 r-xp 00000000 08:01 4068133                    /lib/x86_64-linux-gnu/libpthread-2.27.so
7f5c1232b000-7f5c1252a000 ---p 0001a000 08:01 4068133                    /lib/x86_64-linux-gnu/libpthread-2.27.so
7f5c1252a000-7f5c1252b000 r--p 00019000 08:01 4068133                    /lib/x86_64-linux-gnu/libpthread-2.27.so
7f5c1252b000-7f5c1252c000 rw-p 0001a000 08:01 4068133                    /lib/x86_64-linux-gnu/libpthread-2.27.so
7f5c1252c000-7f5c12530000 rw-p 00000000 00:00 0 
7f5c12530000-7f5c12557000 r-xp 00000000 08:01 4067972                    /lib/x86_64-linux-gnu/ld-2.27.so
7f5c12557000-7f5c12559000 r--s 00009000 08:01 3678730                    /home/pandit/.gradle/wrapper/dists/gradle-5.1.1-all/97z1ksx6lirer3kbvdnh7jtjg/gradle-5.1.1/lib/slf4j-api-1.7.25.jar
7f5c12559000-7f5c12566000 r--s 0006c000 08:01 3678717                    /home/pandit/.gradle/wrapper/dists/gradle-5.1.1-all/97z1ksx6lirer3kbvdnh7jtjg/gradle-5.1.1/lib/gradle-base-services-5.1.1.jar
7f5c12566000-7f5c12573000 r--s 0006d000 08:01 3678695                    /home/pandit/.gradle/wrapper/dists/gradle-5.1.1-all/97z1ksx6lirer3kbvdnh7jtjg/gradle-5.1.1/lib/gradle-launcher-5.1.1.jar
7f5c12573000-7f5c125da000 rw-p 00000000 00:00 0 
7f5c125da000-7f5c125f4000 r-xp 00000000 08:01 3809367                    /home/pandit/Downloads/android-studio/jre/jre/lib/amd64/libzip.so
7f5c125f4000-7f5c125f5000 rw-p 00019000 08:01 3809367                    /home/pandit/Downloads/android-studio/jre/jre/lib/amd64/libzip.so
7f5c125f5000-7f5c12620000 r-xp 00000000 08:01 3809375                    /home/pandit/Downloads/android-studio/jre/jre/lib/amd64/libjava.so
7f5c12620000-7f5c12622000 rw-p 0002b000 08:01 3809375                    /home/pandit/Downloads/android-studio/jre/jre/lib/amd64/libjava.so
7f5c12622000-7f5c12623000 ---p 00000000 00:00 0 
7f5c12623000-7f5c12626000 ---p 00000000 00:00 0 
7f5c12626000-7f5c12725000 rw-p 00000000 00:00 0 
7f5c12725000-7f5c1273a000 r-xp 00000000 08:01 3809268                    /home/pandit/Downloads/android-studio/jre/lib/amd64/jli/libjli.so
7f5c1273a000-7f5c1273b000 rw-p 00015000 08:01 3809268                    /home/pandit/Downloads/android-studio/jre/lib/amd64/jli/libjli.so
7f5c1273b000-7f5c1273d000 rw-p 00000000 00:00 0 
7f5c1273d000-7f5c1273e000 r--s 00004000 08:01 3678745                    /home/pandit/.gradle/wrapper/dists/gradle-5.1.1-all/97z1ksx6lirer3kbvdnh7jtjg/gradle-5.1.1/lib/ant-launcher-1.9.13.jar
7f5c1273e000-7f5c12746000 rw-s 00000000 08:01 5510789                    /tmp/hsperfdata_pandit/4579
7f5c12746000-7f5c12747000 rw-p 00000000 00:00 0 
7f5c12747000-7f5c12748000 ---p 00000000 00:00 0 
7f5c12748000-7f5c12755000 r-xp 00000000 08:01 3809363                    /home/pandit/Downloads/android-studio/jre/jre/lib/amd64/libverify.so
7f5c12755000-7f5c12757000 rw-p 0000c000 08:01 3809363                    /home/pandit/Downloads/android-studio/jre/jre/lib/amd64/libverify.so
7f5c12757000-7f5c12758000 r--p 00027000 08:01 4067972                    /lib/x86_64-linux-gnu/ld-2.27.so
7f5c12758000-7f5c12759000 rw-p 00028000 08:01 4067972                    /lib/x86_64-linux-gnu/ld-2.27.so
7f5c12759000-7f5c1275a000 rw-p 00000000 00:00 0 
7ffe100ed000-7ffe1010e000 rw-p 00000000 00:00 0                          [stack]
7ffe1012e000-7ffe10131000 r--p 00000000 00:00 0                          [vvar]
7ffe10131000-7ffe10133000 r-xp 00000000 00:00 0                          [vdso]
ffffffffff600000-ffffffffff601000 r-xp 00000000 00:00 0                  [vsyscall]

VM Arguments:
jvm_args: -Xmx1536m -Dfile.encoding=UTF-8 -Duser.country=IN -Duser.language=en -Duser.variant 
java_command: org.gradle.launcher.daemon.bootstrap.GradleDaemon 5.1.1
java_class_path (initial): /home/pandit/.gradle/wrapper/dists/gradle-5.1.1-all/97z1ksx6lirer3kbvdnh7jtjg/gradle-5.1.1/lib/gradle-launcher-5.1.1.jar
Launcher Type: SUN_STANDARD

Environment Variables:
PATH=/usr/local/sbin:/usr/local/bin:/usr/sbin:/usr/bin:/sbin:/bin:/usr/games:/usr/local/games:/snap/bin
SHELL=/bin/bash
DISPLAY=:0

Signal Handlers:
SIGSEGV: [libjvm.so+0xa00760], sa_mask[0]=11111111011111111101111111111110, sa_flags=SA_RESTART|SA_SIGINFO
SIGBUS: [libjvm.so+0xa00760], sa_mask[0]=11111111011111111101111111111110, sa_flags=SA_RESTART|SA_SIGINFO
SIGFPE: [libjvm.so+0x863090], sa_mask[0]=11111111011111111101111111111110, sa_flags=SA_RESTART|SA_SIGINFO
SIGPIPE: [libjvm.so+0x863090], sa_mask[0]=11111111011111111101111111111110, sa_flags=SA_RESTART|SA_SIGINFO
SIGXFSZ: [libjvm.so+0x863090], sa_mask[0]=11111111011111111101111111111110, sa_flags=SA_RESTART|SA_SIGINFO
SIGILL: [libjvm.so+0x863090], sa_mask[0]=11111111011111111101111111111110, sa_flags=SA_RESTART|SA_SIGINFO
SIGUSR1: SIG_DFL, sa_mask[0]=00000000000000000000000000000000, sa_flags=none
SIGUSR2: [libjvm.so+0x862f60], sa_mask[0]=00100000000000000000000000000000, sa_flags=SA_RESTART|SA_SIGINFO
SIGHUP: [libjvm.so+0x863150], sa_mask[0]=11111111011111111101111111111110, sa_flags=SA_RESTART|SA_SIGINFO
SIGINT: [libjvm.so+0x863150], sa_mask[0]=11111111011111111101111111111110, sa_flags=SA_RESTART|SA_SIGINFO
SIGTERM: [libjvm.so+0x863150], sa_mask[0]=11111111011111111101111111111110, sa_flags=SA_RESTART|SA_SIGINFO
SIGQUIT: [libjvm.so+0x863150], sa_mask[0]=11111111011111111101111111111110, sa_flags=SA_RESTART|SA_SIGINFO


---------------  S Y S T E M  ---------------

OS:DISTRIB_ID=LinuxMint
DISTRIB_RELEASE=19.1
DISTRIB_CODENAME=tessa
DISTRIB_DESCRIPTION="Linux Mint 19.1 Tessa"

uname:Linux 4.15.0-20-generic #21-Ubuntu SMP Tue Apr 24 06:16:15 UTC 2018 x86_64
libc:glibc 2.27 NPTL 2.27 
rlimit: STACK 8192k, CORE 0k, NPROC 7044, NOFILE 1048576, AS infinity
load average:6.23 2.47 1.56

/proc/meminfo:
MemTotal:        1866328 kB
MemFree:           74824 kB
MemAvailable:          0 kB
Buffers:            1200 kB
Cached:            68460 kB
SwapCached:           48 kB
Active:          1204908 kB
Inactive:         404956 kB
Active(anon):    1201880 kB
Inactive(anon):   400660 kB
Active(file):       3028 kB
Inactive(file):     4296 kB
Unevictable:           0 kB
Mlocked:               0 kB
SwapTotal:       2097148 kB
SwapFree:              0 kB
Dirty:                 0 kB
Writeback:            32 kB
AnonPages:       1540344 kB
Mapped:             5276 kB
Shmem:             62144 kB
Slab:              71696 kB
SReclaimable:      31744 kB
SUnreclaim:        39952 kB
KernelStack:       11440 kB
PageTables:        41740 kB
NFS_Unstable:          0 kB
Bounce:                0 kB
WritebackTmp:          0 kB
CommitLimit:     3030312 kB
Committed_AS:    6758444 kB
VmallocTotal:   34359738367 kB
VmallocUsed:           0 kB
VmallocChunk:          0 kB
HardwareCorrupted:     0 kB
AnonHugePages:         0 kB
ShmemHugePages:        0 kB
ShmemPmdMapped:        0 kB
CmaTotal:              0 kB
CmaFree:               0 kB
HugePages_Total:       0
HugePages_Free:        0
HugePages_Rsvd:        0
HugePages_Surp:        0
Hugepagesize:       2048 kB
DirectMap4k:      125696 kB
DirectMap2M:     1865728 kB


CPU:total 4 (initial active 4) (2 cores per cpu, 2 threads per core) family 6 model 42 stepping 7, cmov, cx8, fxsr, mmx, sse, sse2, sse3, ssse3, sse4.1, sse4.2, popcnt, avx, clmul, ht, tsc, tscinvbit

/proc/cpuinfo:
processor	: 0
vendor_id	: GenuineIntel
cpu family	: 6
model		: 42
model name	: Intel(R) Core(TM) i3-2350M CPU @ 2.30GHz
stepping	: 7
microcode	: 0x28
cpu MHz		: 1696.252
cache size	: 3072 KB
physical id	: 0
siblings	: 4
core id		: 0
cpu cores	: 2
apicid		: 0
initial apicid	: 0
fpu		: yes
fpu_exception	: yes
cpuid level	: 13
wp		: yes
flags		: fpu vme de pse tsc msr pae mce cx8 apic sep mtrr pge mca cmov pat pse36 clflush dts acpi mmx fxsr sse sse2 ss ht tm pbe syscall nx rdtscp lm constant_tsc arch_perfmon pebs bts rep_good nopl xtopology nonstop_tsc cpuid aperfmperf pni pclmulqdq dtes64 monitor ds_cpl vmx est tm2 ssse3 cx16 xtpr pdcm pcid sse4_1 sse4_2 x2apic popcnt tsc_deadline_timer xsave avx lahf_lm epb pti tpr_shadow vnmi flexpriority ept vpid xsaveopt dtherm arat pln pts
bugs		: cpu_meltdown spectre_v1 spectre_v2
bogomips	: 4589.85
clflush size	: 64
cache_alignment	: 64
address sizes	: 36 bits physical, 48 bits virtual
power management:

processor	: 1
vendor_id	: GenuineIntel
cpu family	: 6
model		: 42
model name	: Intel(R) Core(TM) i3-2350M CPU @ 2.30GHz
stepping	: 7
microcode	: 0x28
cpu MHz		: 1696.250
cache size	: 3072 KB
physical id	: 0
siblings	: 4
core id		: 0
cpu cores	: 2
apicid		: 1
initial apicid	: 1
fpu		: yes
fpu_exception	: yes
cpuid level	: 13
wp		: yes
flags		: fpu vme de pse tsc msr pae mce cx8 apic sep mtrr pge mca cmov pat pse36 clflush dts acpi mmx fxsr sse sse2 ss ht tm pbe syscall nx rdtscp lm constant_tsc arch_perfmon pebs bts rep_good nopl xtopology nonstop_tsc cpuid aperfmperf pni pclmulqdq dtes64 monitor ds_cpl vmx est tm2 ssse3 cx16 xtpr pdcm pcid sse4_1 sse4_2 x2apic popcnt tsc_deadline_timer xsave avx lahf_lm epb pti tpr_shadow vnmi flexpriority ept vpid xsaveopt dtherm arat pln pts
bugs		: cpu_meltdown spectre_v1 spectre_v2
bogomips	: 4589.85
clflush size	: 64
cache_alignment	: 64
address sizes	: 36 bits physical, 48 bits virtual
power management:

processor	: 2
vendor_id	: GenuineIntel
cpu family	: 6
model		: 42
model name	: Intel(R) Core(TM) i3-2350M CPU @ 2.30GHz
stepping	: 7
microcode	: 0x28
cpu MHz		: 1696.240
cache size	: 3072 KB
physical id	: 0
siblings	: 4
core id		: 1
cpu cores	: 2
apicid		: 2
initial apicid	: 2
fpu		: yes
fpu_exception	: yes
cpuid level	: 13
wp		: yes
flags		: fpu vme de pse tsc msr pae mce cx8 apic sep mtrr pge mca cmov pat pse36 clflush dts acpi mmx fxsr sse sse2 ss ht tm pbe syscall nx rdtscp lm constant_tsc arch_perfmon pebs bts rep_good nopl xtopology nonstop_tsc cpuid aperfmperf pni pclmulqdq dtes64 monitor ds_cpl vmx est tm2 ssse3 cx16 xtpr pdcm pcid sse4_1 sse4_2 x2apic popcnt tsc_deadline_timer xsave avx lahf_lm epb pti tpr_shadow vnmi flexpriority ept vpid xsaveopt dtherm arat pln pts
bugs		: cpu_meltdown spectre_v1 spectre_v2
bogomips	: 4589.85
clflush size	: 64
cache_alignment	: 64
address sizes	: 36 bits physical, 48 bits virtual
power management:

processor	: 3
vendor_id	: GenuineIntel
cpu family	: 6
model		: 42
model name	: Intel(R) Core(TM) i3-2350M CPU @ 2.30GHz
stepping	: 7
microcode	: 0x28
cpu MHz		: 1696.248
cache size	: 3072 KB
physical id	: 0
siblings	: 4
core id		: 1
cpu cores	: 2
apicid		: 3
initial apicid	: 3
fpu		: yes
fpu_exception	: yes
cpuid level	: 13
wp		: yes
flags		: fpu vme de pse tsc msr pae mce cx8 apic sep mtrr pge mca cmov pat pse36 clflush dts acpi mmx fxsr sse sse2 ss ht tm pbe syscall nx rdtscp lm constant_tsc arch_perfmon pebs bts rep_good nopl xtopology nonstop_tsc cpuid aperfmperf pni pclmulqdq dtes64 monitor ds_cpl vmx est tm2 ssse3 cx16 xtpr pdcm pcid sse4_1 sse4_2 x2apic popcnt tsc_deadline_timer xsave avx lahf_lm epb pti tpr_shadow vnmi flexpriority ept vpid xsaveopt dtherm arat pln pts
bugs		: cpu_meltdown spectre_v1 spectre_v2
bogomips	: 4589.85
clflush size	: 64
cache_alignment	: 64
address sizes	: 36 bits physical, 48 bits virtual
power management:



Memory: 4k page, physical 1866328k(75604k free), swap 2097148k(0k free)

vm_info: OpenJDK 64-Bit Server VM (25.152-b16-5323222) for linux-amd64 JRE (1.8.0_152-release-1343-b16-5323222), built by "android-build" with gcc 4.8

time: Tue Aug 20 21:07:45 2019
elapsed time: 21 seconds (0d 0h 0m 21s)

